{"/Users/techkny/Projects/express/premier-league-fixures/app.ts": {"path":"/Users/techkny/Projects/express/premier-league-fixures/app.ts","statementMap":{"0":{"start":{"line":1,"column":0},"end":{"line":1,"column":38}},"1":{"start":{"line":2,"column":0},"end":{"line":2,"column":30}},"2":{"start":{"line":3,"column":0},"end":{"line":3,"column":24}},"3":{"start":{"line":4,"column":0},"end":{"line":4,"column":41}},"4":{"start":{"line":5,"column":0},"end":{"line":5,"column":28}},"5":{"start":{"line":6,"column":0},"end":{"line":6,"column":32}},"6":{"start":{"line":7,"column":0},"end":{"line":7,"column":28}},"7":{"start":{"line":8,"column":0},"end":{"line":8,"column":16}},"8":{"start":{"line":10,"column":0},"end":{"line":10,"column":43}},"9":{"start":{"line":11,"column":0},"end":{"line":11,"column":41}},"10":{"start":{"line":13,"column":10},"end":{"line":13,"column":19}},"11":{"start":{"line":16,"column":0},"end":{"line":16,"column":48}},"12":{"start":{"line":17,"column":0},"end":{"line":17,"column":31}},"13":{"start":{"line":19,"column":0},"end":{"line":19,"column":23}},"14":{"start":{"line":20,"column":0},"end":{"line":20,"column":24}},"15":{"start":{"line":21,"column":0},"end":{"line":21,"column":49}},"16":{"start":{"line":22,"column":0},"end":{"line":22,"column":24}},"17":{"start":{"line":23,"column":0},"end":{"line":23,"column":56}},"18":{"start":{"line":25,"column":10},"end":{"line":25,"column":35}},"19":{"start":{"line":27,"column":0},"end":{"line":27,"column":44}},"20":{"start":{"line":29,"column":16},"end":{"line":29,"column":33}},"21":{"start":{"line":33,"column":12},"end":{"line":33,"column":54}},"22":{"start":{"line":35,"column":0},"end":{"line":35,"column":40}},"23":{"start":{"line":36,"column":0},"end":{"line":40,"column":3}},"24":{"start":{"line":41,"column":19},"end":{"line":41,"column":38}},"25":{"start":{"line":42,"column":0},"end":{"line":42,"column":34}},"26":{"start":{"line":43,"column":0},"end":{"line":45,"column":3}},"27":{"start":{"line":44,"column":2},"end":{"line":44,"column":46}},"28":{"start":{"line":47,"column":0},"end":{"line":47,"column":30}},"29":{"start":{"line":48,"column":0},"end":{"line":48,"column":31}},"30":{"start":{"line":51,"column":0},"end":{"line":53,"column":3}},"31":{"start":{"line":52,"column":2},"end":{"line":52,"column":25}},"32":{"start":{"line":56,"column":0},"end":{"line":64,"column":3}},"33":{"start":{"line":58,"column":2},"end":{"line":58,"column":35}},"34":{"start":{"line":59,"column":2},"end":{"line":59,"column":69}},"35":{"start":{"line":62,"column":2},"end":{"line":62,"column":32}},"36":{"start":{"line":63,"column":2},"end":{"line":63,"column":22}},"37":{"start":{"line":66,"column":0},"end":{"line":66,"column":19}},"38":{"start":{"line":67,"column":0},"end":{"line":67,"column":21}}},"fnMap":{"0":{"name":"(anonymous_1)","decl":{"start":{"line":42,"column":24},"end":{"line":42,"column":27}},"loc":{"start":{"line":42,"column":29},"end":{"line":42,"column":32}}},"1":{"name":"(anonymous_2)","decl":{"start":{"line":43,"column":23},"end":{"line":43,"column":26}},"loc":{"start":{"line":43,"column":28},"end":{"line":45,"column":1}}},"2":{"name":"(anonymous_3)","decl":{"start":{"line":51,"column":8},"end":{"line":51,"column":17}},"loc":{"start":{"line":51,"column":31},"end":{"line":53,"column":1}}},"3":{"name":"(anonymous_4)","decl":{"start":{"line":56,"column":8},"end":{"line":56,"column":17}},"loc":{"start":{"line":56,"column":98},"end":{"line":64,"column":1}}}},"branchMap":{"0":{"loc":{"start":{"line":27,"column":6},"end":{"line":27,"column":26}},"type":"binary-expr","locations":[{"start":{"line":27,"column":6},"end":{"line":27,"column":26}},{"start":{"line":27,"column":30},"end":{"line":27,"column":43}}]},"1":{"loc":{"start":{"line":59,"column":60},"end":{"line":59,"column":63}},"type":"cond-expr","locations":[{"start":{"line":59,"column":60},"end":{"line":59,"column":63}},{"start":{"line":59,"column":66},"end":{"line":59,"column":68}}]},"2":{"loc":{"start":{"line":62,"column":13},"end":{"line":62,"column":23}},"type":"binary-expr","locations":[{"start":{"line":62,"column":13},"end":{"line":62,"column":23}},{"start":{"line":62,"column":27},"end":{"line":62,"column":30}}]}},"s":{"0":4,"1":4,"2":4,"3":4,"4":4,"5":4,"6":4,"7":4,"8":4,"9":4,"10":4,"11":4,"12":4,"13":4,"14":4,"15":4,"16":4,"17":4,"18":4,"19":4,"20":4,"21":4,"22":4,"23":4,"24":4,"25":4,"26":4,"27":0,"28":4,"29":4,"30":4,"31":0,"32":4,"33":3,"34":3,"35":3,"36":3,"37":4,"38":4},"f":{"0":3,"1":0,"2":0,"3":3},"b":{"0":[4,0],"1":[0,3],"2":[3,3]}}
,"/Users/techkny/Projects/express/premier-league-fixures/compiled/app.js": {"path":"/Users/techkny/Projects/express/premier-league-fixures/compiled/app.js","statementMap":{"0":{"start":{"line":2,"column":22},"end":{"line":4,"column":1}},"1":{"start":{"line":3,"column":4},"end":{"line":3,"column":62}},"2":{"start":{"line":5,"column":0},"end":{"line":5,"column":62}},"3":{"start":{"line":6,"column":22},"end":{"line":6,"column":61}},"4":{"start":{"line":7,"column":18},"end":{"line":7,"column":53}},"5":{"start":{"line":8,"column":15},"end":{"line":8,"column":47}},"6":{"start":{"line":9,"column":24},"end":{"line":9,"column":65}},"7":{"start":{"line":10,"column":17},"end":{"line":10,"column":51}},"8":{"start":{"line":11,"column":19},"end":{"line":11,"column":55}},"9":{"start":{"line":12,"column":17},"end":{"line":12,"column":51}},"10":{"start":{"line":13,"column":0},"end":{"line":13,"column":26}},"11":{"start":{"line":14,"column":20},"end":{"line":14,"column":66}},"12":{"start":{"line":15,"column":16},"end":{"line":15,"column":58}},"13":{"start":{"line":16,"column":10},"end":{"line":16,"column":29}},"14":{"start":{"line":18,"column":0},"end":{"line":18,"column":58}},"15":{"start":{"line":19,"column":0},"end":{"line":19,"column":31}},"16":{"start":{"line":20,"column":0},"end":{"line":20,"column":33}},"17":{"start":{"line":21,"column":0},"end":{"line":21,"column":34}},"18":{"start":{"line":22,"column":0},"end":{"line":22,"column":59}},"19":{"start":{"line":23,"column":0},"end":{"line":23,"column":35}},"20":{"start":{"line":24,"column":0},"end":{"line":24,"column":76}},"21":{"start":{"line":25,"column":10},"end":{"line":25,"column":35}},"22":{"start":{"line":26,"column":0},"end":{"line":26,"column":44}},"23":{"start":{"line":27,"column":16},"end":{"line":27,"column":33}},"24":{"start":{"line":29,"column":12},"end":{"line":29,"column":54}},"25":{"start":{"line":30,"column":0},"end":{"line":30,"column":50}},"26":{"start":{"line":31,"column":0},"end":{"line":35,"column":3}},"27":{"start":{"line":36,"column":19},"end":{"line":36,"column":48}},"28":{"start":{"line":37,"column":0},"end":{"line":37,"column":35}},"29":{"start":{"line":38,"column":0},"end":{"line":40,"column":3}},"30":{"start":{"line":39,"column":4},"end":{"line":39,"column":48}},"31":{"start":{"line":41,"column":0},"end":{"line":41,"column":40}},"32":{"start":{"line":42,"column":0},"end":{"line":42,"column":35}},"33":{"start":{"line":44,"column":0},"end":{"line":46,"column":3}},"34":{"start":{"line":45,"column":4},"end":{"line":45,"column":37}},"35":{"start":{"line":48,"column":0},"end":{"line":55,"column":3}},"36":{"start":{"line":50,"column":4},"end":{"line":50,"column":37}},"37":{"start":{"line":51,"column":4},"end":{"line":51,"column":71}},"38":{"start":{"line":53,"column":4},"end":{"line":53,"column":34}},"39":{"start":{"line":54,"column":4},"end":{"line":54,"column":24}},"40":{"start":{"line":56,"column":0},"end":{"line":56,"column":22}},"41":{"start":{"line":57,"column":0},"end":{"line":57,"column":21}}},"fnMap":{"0":{"name":"(anonymous_0)","decl":{"start":{"line":2,"column":56},"end":{"line":2,"column":57}},"loc":{"start":{"line":2,"column":71},"end":{"line":4,"column":1}},"line":2},"1":{"name":"(anonymous_1)","decl":{"start":{"line":37,"column":24},"end":{"line":37,"column":25}},"loc":{"start":{"line":37,"column":30},"end":{"line":37,"column":33}},"line":37},"2":{"name":"(anonymous_2)","decl":{"start":{"line":38,"column":23},"end":{"line":38,"column":24}},"loc":{"start":{"line":38,"column":29},"end":{"line":40,"column":1}},"line":38},"3":{"name":"(anonymous_3)","decl":{"start":{"line":44,"column":8},"end":{"line":44,"column":9}},"loc":{"start":{"line":44,"column":34},"end":{"line":46,"column":1}},"line":44},"4":{"name":"(anonymous_4)","decl":{"start":{"line":48,"column":8},"end":{"line":48,"column":9}},"loc":{"start":{"line":48,"column":39},"end":{"line":55,"column":1}},"line":48}},"branchMap":{"0":{"loc":{"start":{"line":2,"column":22},"end":{"line":4,"column":1}},"type":"binary-expr","locations":[{"start":{"line":2,"column":23},"end":{"line":2,"column":27}},{"start":{"line":2,"column":31},"end":{"line":2,"column":51}},{"start":{"line":2,"column":56},"end":{"line":4,"column":1}}],"line":2},"1":{"loc":{"start":{"line":3,"column":11},"end":{"line":3,"column":61}},"type":"cond-expr","locations":[{"start":{"line":3,"column":37},"end":{"line":3,"column":40}},{"start":{"line":3,"column":43},"end":{"line":3,"column":61}}],"line":3},"2":{"loc":{"start":{"line":3,"column":12},"end":{"line":3,"column":33}},"type":"binary-expr","locations":[{"start":{"line":3,"column":12},"end":{"line":3,"column":15}},{"start":{"line":3,"column":19},"end":{"line":3,"column":33}}],"line":3},"3":{"loc":{"start":{"line":26,"column":6},"end":{"line":26,"column":43}},"type":"binary-expr","locations":[{"start":{"line":26,"column":6},"end":{"line":26,"column":26}},{"start":{"line":26,"column":30},"end":{"line":26,"column":43}}],"line":26},"4":{"loc":{"start":{"line":51,"column":23},"end":{"line":51,"column":70}},"type":"cond-expr","locations":[{"start":{"line":51,"column":62},"end":{"line":51,"column":65}},{"start":{"line":51,"column":68},"end":{"line":51,"column":70}}],"line":51},"5":{"loc":{"start":{"line":53,"column":15},"end":{"line":53,"column":32}},"type":"binary-expr","locations":[{"start":{"line":53,"column":15},"end":{"line":53,"column":25}},{"start":{"line":53,"column":29},"end":{"line":53,"column":32}}],"line":53}},"s":{"0":1,"1":9,"2":1,"3":1,"4":1,"5":1,"6":1,"7":1,"8":1,"9":1,"10":1,"11":1,"12":1,"13":1,"14":1,"15":1,"16":1,"17":1,"18":1,"19":1,"20":1,"21":1,"22":1,"23":1,"24":1,"25":1,"26":1,"27":1,"28":1,"29":1,"30":0,"31":1,"32":1,"33":1,"34":0,"35":1,"36":0,"37":0,"38":0,"39":0,"40":1,"41":1},"f":{"0":9,"1":0,"2":0,"3":0,"4":0},"b":{"0":[1,1,1],"1":[2,7],"2":[9,9],"3":[1,0],"4":[0,0],"5":[0,0]},"_coverageSchema":"43e27e138ebf9cfc5966b082cf9a028302ed4184","hash":"38927f1cf4af6e7349482a74bce5271843cc071d"}
,"/Users/techkny/Projects/express/premier-league-fixures/compiled/helpers/joi-validator.js": {"path":"/Users/techkny/Projects/express/premier-league-fixures/compiled/helpers/joi-validator.js","statementMap":{"0":{"start":{"line":2,"column":22},"end":{"line":4,"column":1}},"1":{"start":{"line":3,"column":4},"end":{"line":3,"column":62}},"2":{"start":{"line":5,"column":0},"end":{"line":5,"column":62}},"3":{"start":{"line":6,"column":14},"end":{"line":6,"column":45}},"4":{"start":{"line":9,"column":19},"end":{"line":17,"column":6}},"5":{"start":{"line":18,"column":4},"end":{"line":18,"column":48}},"6":{"start":{"line":20,"column":0},"end":{"line":20,"column":36}},"7":{"start":{"line":22,"column":19},"end":{"line":31,"column":6}},"8":{"start":{"line":32,"column":4},"end":{"line":32,"column":51}},"9":{"start":{"line":34,"column":0},"end":{"line":34,"column":42}},"10":{"start":{"line":36,"column":19},"end":{"line":43,"column":6}},"11":{"start":{"line":44,"column":4},"end":{"line":44,"column":48}},"12":{"start":{"line":46,"column":0},"end":{"line":46,"column":36}},"13":{"start":{"line":48,"column":19},"end":{"line":52,"column":6}},"14":{"start":{"line":53,"column":4},"end":{"line":53,"column":49}},"15":{"start":{"line":55,"column":0},"end":{"line":55,"column":38}}},"fnMap":{"0":{"name":"(anonymous_0)","decl":{"start":{"line":2,"column":56},"end":{"line":2,"column":57}},"loc":{"start":{"line":2,"column":71},"end":{"line":4,"column":1}},"line":2},"1":{"name":"validateTeam","decl":{"start":{"line":7,"column":9},"end":{"line":7,"column":21}},"loc":{"start":{"line":7,"column":28},"end":{"line":19,"column":1}},"line":7},"2":{"name":"validateFixture","decl":{"start":{"line":21,"column":9},"end":{"line":21,"column":24}},"loc":{"start":{"line":21,"column":34},"end":{"line":33,"column":1}},"line":21},"3":{"name":"validateUser","decl":{"start":{"line":35,"column":9},"end":{"line":35,"column":21}},"loc":{"start":{"line":35,"column":28},"end":{"line":45,"column":1}},"line":35},"4":{"name":"validateLogin","decl":{"start":{"line":47,"column":9},"end":{"line":47,"column":22}},"loc":{"start":{"line":47,"column":30},"end":{"line":54,"column":1}},"line":47}},"branchMap":{"0":{"loc":{"start":{"line":2,"column":22},"end":{"line":4,"column":1}},"type":"binary-expr","locations":[{"start":{"line":2,"column":23},"end":{"line":2,"column":27}},{"start":{"line":2,"column":31},"end":{"line":2,"column":51}},{"start":{"line":2,"column":56},"end":{"line":4,"column":1}}],"line":2},"1":{"loc":{"start":{"line":3,"column":11},"end":{"line":3,"column":61}},"type":"cond-expr","locations":[{"start":{"line":3,"column":37},"end":{"line":3,"column":40}},{"start":{"line":3,"column":43},"end":{"line":3,"column":61}}],"line":3},"2":{"loc":{"start":{"line":3,"column":12},"end":{"line":3,"column":33}},"type":"binary-expr","locations":[{"start":{"line":3,"column":12},"end":{"line":3,"column":15}},{"start":{"line":3,"column":19},"end":{"line":3,"column":33}}],"line":3}},"s":{"0":1,"1":1,"2":1,"3":1,"4":0,"5":0,"6":1,"7":0,"8":0,"9":1,"10":0,"11":0,"12":1,"13":0,"14":0,"15":1},"f":{"0":1,"1":0,"2":0,"3":0,"4":0},"b":{"0":[1,1,1],"1":[0,1],"2":[1,1]},"_coverageSchema":"43e27e138ebf9cfc5966b082cf9a028302ed4184","hash":"1aa66e08a7bce736399cf1fa57bf0ba70890e9f8"}
,"/Users/techkny/Projects/express/premier-league-fixures/compiled/helpers/team-in-database-validator.js": {"path":"/Users/techkny/Projects/express/premier-league-fixures/compiled/helpers/team-in-database-validator.js","statementMap":{"0":{"start":{"line":2,"column":16},"end":{"line":9,"column":1}},"1":{"start":{"line":3,"column":4},"end":{"line":8,"column":7}},"2":{"start":{"line":4,"column":36},"end":{"line":4,"column":97}},"3":{"start":{"line":4,"column":42},"end":{"line":4,"column":70}},"4":{"start":{"line":4,"column":85},"end":{"line":4,"column":95}},"5":{"start":{"line":5,"column":35},"end":{"line":5,"column":100}},"6":{"start":{"line":5,"column":41},"end":{"line":5,"column":73}},"7":{"start":{"line":5,"column":88},"end":{"line":5,"column":98}},"8":{"start":{"line":6,"column":32},"end":{"line":6,"column":149}},"9":{"start":{"line":6,"column":97},"end":{"line":6,"column":119}},"10":{"start":{"line":7,"column":8},"end":{"line":7,"column":78}},"11":{"start":{"line":10,"column":22},"end":{"line":12,"column":1}},"12":{"start":{"line":11,"column":4},"end":{"line":11,"column":62}},"13":{"start":{"line":13,"column":0},"end":{"line":13,"column":62}},"14":{"start":{"line":14,"column":15},"end":{"line":14,"column":57}},"15":{"start":{"line":16,"column":4},"end":{"line":22,"column":7}},"16":{"start":{"line":17,"column":25},"end":{"line":19,"column":33}},"17":{"start":{"line":17,"column":43},"end":{"line":19,"column":32}},"18":{"start":{"line":18,"column":26},"end":{"line":18,"column":45}},"19":{"start":{"line":19,"column":26},"end":{"line":19,"column":31}},"20":{"start":{"line":20,"column":30},"end":{"line":20,"column":57}},"21":{"start":{"line":21,"column":8},"end":{"line":21,"column":56}},"22":{"start":{"line":21,"column":42},"end":{"line":21,"column":54}},"23":{"start":{"line":24,"column":0},"end":{"line":24,"column":42}}},"fnMap":{"0":{"name":"(anonymous_0)","decl":{"start":{"line":2,"column":44},"end":{"line":2,"column":45}},"loc":{"start":{"line":2,"column":89},"end":{"line":9,"column":1}},"line":2},"1":{"name":"(anonymous_1)","decl":{"start":{"line":3,"column":36},"end":{"line":3,"column":37}},"loc":{"start":{"line":3,"column":63},"end":{"line":8,"column":5}},"line":3},"2":{"name":"fulfilled","decl":{"start":{"line":4,"column":17},"end":{"line":4,"column":26}},"loc":{"start":{"line":4,"column":34},"end":{"line":4,"column":99}},"line":4},"3":{"name":"rejected","decl":{"start":{"line":5,"column":17},"end":{"line":5,"column":25}},"loc":{"start":{"line":5,"column":33},"end":{"line":5,"column":102}},"line":5},"4":{"name":"step","decl":{"start":{"line":6,"column":17},"end":{"line":6,"column":21}},"loc":{"start":{"line":6,"column":30},"end":{"line":6,"column":151}},"line":6},"5":{"name":"(anonymous_5)","decl":{"start":{"line":6,"column":76},"end":{"line":6,"column":77}},"loc":{"start":{"line":6,"column":95},"end":{"line":6,"column":121}},"line":6},"6":{"name":"(anonymous_6)","decl":{"start":{"line":10,"column":56},"end":{"line":10,"column":57}},"loc":{"start":{"line":10,"column":71},"end":{"line":12,"column":1}},"line":10},"7":{"name":"teamInDatabaseValidator","decl":{"start":{"line":15,"column":9},"end":{"line":15,"column":32}},"loc":{"start":{"line":15,"column":40},"end":{"line":23,"column":1}},"line":15},"8":{"name":"(anonymous_8)","decl":{"start":{"line":16,"column":43},"end":{"line":16,"column":44}},"loc":{"start":{"line":16,"column":56},"end":{"line":22,"column":5}},"line":16},"9":{"name":"(anonymous_9)","decl":{"start":{"line":17,"column":35},"end":{"line":17,"column":36}},"loc":{"start":{"line":17,"column":43},"end":{"line":19,"column":32}},"line":17},"10":{"name":"(anonymous_10)","decl":{"start":{"line":18,"column":18},"end":{"line":18,"column":19}},"loc":{"start":{"line":18,"column":26},"end":{"line":18,"column":45}},"line":18},"11":{"name":"(anonymous_11)","decl":{"start":{"line":19,"column":19},"end":{"line":19,"column":20}},"loc":{"start":{"line":19,"column":26},"end":{"line":19,"column":31}},"line":19},"12":{"name":"(anonymous_12)","decl":{"start":{"line":21,"column":35},"end":{"line":21,"column":36}},"loc":{"start":{"line":21,"column":42},"end":{"line":21,"column":54}},"line":21}},"branchMap":{"0":{"loc":{"start":{"line":2,"column":16},"end":{"line":9,"column":1}},"type":"binary-expr","locations":[{"start":{"line":2,"column":17},"end":{"line":2,"column":21}},{"start":{"line":2,"column":25},"end":{"line":2,"column":39}},{"start":{"line":2,"column":44},"end":{"line":9,"column":1}}],"line":2},"1":{"loc":{"start":{"line":3,"column":16},"end":{"line":3,"column":34}},"type":"binary-expr","locations":[{"start":{"line":3,"column":16},"end":{"line":3,"column":17}},{"start":{"line":3,"column":22},"end":{"line":3,"column":33}}],"line":3},"2":{"loc":{"start":{"line":6,"column":32},"end":{"line":6,"column":148}},"type":"cond-expr","locations":[{"start":{"line":6,"column":46},"end":{"line":6,"column":67}},{"start":{"line":6,"column":70},"end":{"line":6,"column":148}}],"line":6},"3":{"loc":{"start":{"line":7,"column":51},"end":{"line":7,"column":67}},"type":"binary-expr","locations":[{"start":{"line":7,"column":51},"end":{"line":7,"column":61}},{"start":{"line":7,"column":65},"end":{"line":7,"column":67}}],"line":7},"4":{"loc":{"start":{"line":10,"column":22},"end":{"line":12,"column":1}},"type":"binary-expr","locations":[{"start":{"line":10,"column":23},"end":{"line":10,"column":27}},{"start":{"line":10,"column":31},"end":{"line":10,"column":51}},{"start":{"line":10,"column":56},"end":{"line":12,"column":1}}],"line":10},"5":{"loc":{"start":{"line":11,"column":11},"end":{"line":11,"column":61}},"type":"cond-expr","locations":[{"start":{"line":11,"column":37},"end":{"line":11,"column":40}},{"start":{"line":11,"column":43},"end":{"line":11,"column":61}}],"line":11},"6":{"loc":{"start":{"line":11,"column":12},"end":{"line":11,"column":33}},"type":"binary-expr","locations":[{"start":{"line":11,"column":12},"end":{"line":11,"column":15}},{"start":{"line":11,"column":19},"end":{"line":11,"column":33}}],"line":11},"7":{"loc":{"start":{"line":18,"column":26},"end":{"line":18,"column":45}},"type":"cond-expr","locations":[{"start":{"line":18,"column":33},"end":{"line":18,"column":38}},{"start":{"line":18,"column":41},"end":{"line":18,"column":45}}],"line":18}},"s":{"0":1,"1":0,"2":0,"3":0,"4":0,"5":0,"6":0,"7":0,"8":0,"9":0,"10":0,"11":1,"12":1,"13":1,"14":1,"15":0,"16":0,"17":0,"18":0,"19":0,"20":0,"21":0,"22":0,"23":1},"f":{"0":0,"1":0,"2":0,"3":0,"4":0,"5":0,"6":1,"7":0,"8":0,"9":0,"10":0,"11":0,"12":0},"b":{"0":[1,1,1],"1":[0,0],"2":[0,0],"3":[0,0],"4":[1,1,1],"5":[1,0],"6":[1,1],"7":[0,0]},"_coverageSchema":"43e27e138ebf9cfc5966b082cf9a028302ed4184","hash":"e8da99dfc45fd1d5bd6bae288f90c830d35057d9"}
,"/Users/techkny/Projects/express/premier-league-fixures/compiled/middlewares/routesTokenValidator.js": {"path":"/Users/techkny/Projects/express/premier-league-fixures/compiled/middlewares/routesTokenValidator.js","statementMap":{"0":{"start":{"line":2,"column":22},"end":{"line":4,"column":1}},"1":{"start":{"line":3,"column":4},"end":{"line":3,"column":62}},"2":{"start":{"line":5,"column":0},"end":{"line":5,"column":62}},"3":{"start":{"line":6,"column":23},"end":{"line":6,"column":63}},"4":{"start":{"line":8,"column":16},"end":{"line":8,"column":46}},"5":{"start":{"line":9,"column":19},"end":{"line":9,"column":42}},"6":{"start":{"line":10,"column":4},"end":{"line":12,"column":5}},"7":{"start":{"line":11,"column":8},"end":{"line":11,"column":34}},"8":{"start":{"line":13,"column":4},"end":{"line":13,"column":40}},"9":{"start":{"line":14,"column":22},"end":{"line":14,"column":54}},"10":{"start":{"line":15,"column":4},"end":{"line":25,"column":5}},"11":{"start":{"line":16,"column":24},"end":{"line":16,"column":71}},"12":{"start":{"line":17,"column":8},"end":{"line":20,"column":9}},"13":{"start":{"line":18,"column":12},"end":{"line":18,"column":19}},"14":{"start":{"line":19,"column":12},"end":{"line":19,"column":19}},"15":{"start":{"line":21,"column":8},"end":{"line":21,"column":28}},"16":{"start":{"line":24,"column":8},"end":{"line":24,"column":28}},"17":{"start":{"line":27,"column":0},"end":{"line":27,"column":50}},"18":{"start":{"line":29,"column":16},"end":{"line":29,"column":46}},"19":{"start":{"line":30,"column":19},"end":{"line":30,"column":42}},"20":{"start":{"line":31,"column":4},"end":{"line":33,"column":5}},"21":{"start":{"line":32,"column":8},"end":{"line":32,"column":34}},"22":{"start":{"line":34,"column":4},"end":{"line":34,"column":40}},"23":{"start":{"line":35,"column":22},"end":{"line":35,"column":54}},"24":{"start":{"line":36,"column":4},"end":{"line":46,"column":5}},"25":{"start":{"line":37,"column":24},"end":{"line":37,"column":71}},"26":{"start":{"line":38,"column":8},"end":{"line":41,"column":9}},"27":{"start":{"line":39,"column":12},"end":{"line":39,"column":19}},"28":{"start":{"line":40,"column":12},"end":{"line":40,"column":19}},"29":{"start":{"line":42,"column":8},"end":{"line":42,"column":28}},"30":{"start":{"line":45,"column":8},"end":{"line":45,"column":28}},"31":{"start":{"line":48,"column":0},"end":{"line":48,"column":48}}},"fnMap":{"0":{"name":"(anonymous_0)","decl":{"start":{"line":2,"column":56},"end":{"line":2,"column":57}},"loc":{"start":{"line":2,"column":71},"end":{"line":4,"column":1}},"line":2},"1":{"name":"validateAdminRoutes","decl":{"start":{"line":7,"column":9},"end":{"line":7,"column":28}},"loc":{"start":{"line":7,"column":45},"end":{"line":26,"column":1}},"line":7},"2":{"name":"validateUserRoutes","decl":{"start":{"line":28,"column":9},"end":{"line":28,"column":27}},"loc":{"start":{"line":28,"column":44},"end":{"line":47,"column":1}},"line":28}},"branchMap":{"0":{"loc":{"start":{"line":2,"column":22},"end":{"line":4,"column":1}},"type":"binary-expr","locations":[{"start":{"line":2,"column":23},"end":{"line":2,"column":27}},{"start":{"line":2,"column":31},"end":{"line":2,"column":51}},{"start":{"line":2,"column":56},"end":{"line":4,"column":1}}],"line":2},"1":{"loc":{"start":{"line":3,"column":11},"end":{"line":3,"column":61}},"type":"cond-expr","locations":[{"start":{"line":3,"column":37},"end":{"line":3,"column":40}},{"start":{"line":3,"column":43},"end":{"line":3,"column":61}}],"line":3},"2":{"loc":{"start":{"line":3,"column":12},"end":{"line":3,"column":33}},"type":"binary-expr","locations":[{"start":{"line":3,"column":12},"end":{"line":3,"column":15}},{"start":{"line":3,"column":19},"end":{"line":3,"column":33}}],"line":3},"3":{"loc":{"start":{"line":10,"column":4},"end":{"line":12,"column":5}},"type":"if","locations":[{"start":{"line":10,"column":4},"end":{"line":12,"column":5}},{"start":{"line":10,"column":4},"end":{"line":12,"column":5}}],"line":10},"4":{"loc":{"start":{"line":17,"column":8},"end":{"line":20,"column":9}},"type":"if","locations":[{"start":{"line":17,"column":8},"end":{"line":20,"column":9}},{"start":{"line":17,"column":8},"end":{"line":20,"column":9}}],"line":17},"5":{"loc":{"start":{"line":31,"column":4},"end":{"line":33,"column":5}},"type":"if","locations":[{"start":{"line":31,"column":4},"end":{"line":33,"column":5}},{"start":{"line":31,"column":4},"end":{"line":33,"column":5}}],"line":31},"6":{"loc":{"start":{"line":38,"column":8},"end":{"line":41,"column":9}},"type":"if","locations":[{"start":{"line":38,"column":8},"end":{"line":41,"column":9}},{"start":{"line":38,"column":8},"end":{"line":41,"column":9}}],"line":38},"7":{"loc":{"start":{"line":38,"column":12},"end":{"line":38,"column":61}},"type":"binary-expr","locations":[{"start":{"line":38,"column":12},"end":{"line":38,"column":35}},{"start":{"line":38,"column":39},"end":{"line":38,"column":61}}],"line":38}},"s":{"0":1,"1":1,"2":1,"3":1,"4":0,"5":0,"6":0,"7":0,"8":0,"9":0,"10":0,"11":0,"12":0,"13":0,"14":0,"15":0,"16":0,"17":1,"18":0,"19":0,"20":0,"21":0,"22":0,"23":0,"24":0,"25":0,"26":0,"27":0,"28":0,"29":0,"30":0,"31":1},"f":{"0":1,"1":0,"2":0},"b":{"0":[1,1,1],"1":[0,1],"2":[1,1],"3":[0,0],"4":[0,0],"5":[0,0],"6":[0,0],"7":[0,0]},"_coverageSchema":"43e27e138ebf9cfc5966b082cf9a028302ed4184","hash":"ced7d8ab71a8e29abe61b32d5d18a02c96f4ccf9"}
,"/Users/techkny/Projects/express/premier-league-fixures/compiled/models/fixture.js": {"path":"/Users/techkny/Projects/express/premier-league-fixures/compiled/models/fixture.js","statementMap":{"0":{"start":{"line":2,"column":19},"end":{"line":8,"column":1}},"1":{"start":{"line":3,"column":4},"end":{"line":3,"column":42}},"2":{"start":{"line":3,"column":31},"end":{"line":3,"column":42}},"3":{"start":{"line":4,"column":17},"end":{"line":4,"column":19}},"4":{"start":{"line":5,"column":4},"end":{"line":5,"column":99}},"5":{"start":{"line":5,"column":21},"end":{"line":5,"column":99}},"6":{"start":{"line":5,"column":40},"end":{"line":5,"column":99}},"7":{"start":{"line":5,"column":80},"end":{"line":5,"column":99}},"8":{"start":{"line":6,"column":4},"end":{"line":6,"column":28}},"9":{"start":{"line":7,"column":4},"end":{"line":7,"column":18}},"10":{"start":{"line":9,"column":0},"end":{"line":9,"column":62}},"11":{"start":{"line":10,"column":19},"end":{"line":10,"column":52}},"12":{"start":{"line":11,"column":22},"end":{"line":49,"column":2}},"13":{"start":{"line":50,"column":0},"end":{"line":50,"column":69}}},"fnMap":{"0":{"name":"(anonymous_0)","decl":{"start":{"line":2,"column":50},"end":{"line":2,"column":51}},"loc":{"start":{"line":2,"column":65},"end":{"line":8,"column":1}},"line":2}},"branchMap":{"0":{"loc":{"start":{"line":2,"column":19},"end":{"line":8,"column":1}},"type":"binary-expr","locations":[{"start":{"line":2,"column":20},"end":{"line":2,"column":24}},{"start":{"line":2,"column":28},"end":{"line":2,"column":45}},{"start":{"line":2,"column":50},"end":{"line":8,"column":1}}],"line":2},"1":{"loc":{"start":{"line":3,"column":4},"end":{"line":3,"column":42}},"type":"if","locations":[{"start":{"line":3,"column":4},"end":{"line":3,"column":42}},{"start":{"line":3,"column":4},"end":{"line":3,"column":42}}],"line":3},"2":{"loc":{"start":{"line":3,"column":8},"end":{"line":3,"column":29}},"type":"binary-expr","locations":[{"start":{"line":3,"column":8},"end":{"line":3,"column":11}},{"start":{"line":3,"column":15},"end":{"line":3,"column":29}}],"line":3},"3":{"loc":{"start":{"line":5,"column":4},"end":{"line":5,"column":99}},"type":"if","locations":[{"start":{"line":5,"column":4},"end":{"line":5,"column":99}},{"start":{"line":5,"column":4},"end":{"line":5,"column":99}}],"line":5},"4":{"loc":{"start":{"line":5,"column":40},"end":{"line":5,"column":99}},"type":"if","locations":[{"start":{"line":5,"column":40},"end":{"line":5,"column":99}},{"start":{"line":5,"column":40},"end":{"line":5,"column":99}}],"line":5}},"s":{"0":1,"1":1,"2":0,"3":1,"4":1,"5":1,"6":46,"7":8,"8":1,"9":1,"10":1,"11":1,"12":1,"13":1},"f":{"0":1},"b":{"0":[1,1,1],"1":[0,1],"2":[1,1],"3":[1,0],"4":[8,38]},"_coverageSchema":"43e27e138ebf9cfc5966b082cf9a028302ed4184","hash":"e3cd422cdeb955c031daf902caa09545f5b1fad9"}
,"/Users/techkny/Projects/express/premier-league-fixures/compiled/models/team.js": {"path":"/Users/techkny/Projects/express/premier-league-fixures/compiled/models/team.js","statementMap":{"0":{"start":{"line":2,"column":19},"end":{"line":8,"column":1}},"1":{"start":{"line":3,"column":4},"end":{"line":3,"column":42}},"2":{"start":{"line":3,"column":31},"end":{"line":3,"column":42}},"3":{"start":{"line":4,"column":17},"end":{"line":4,"column":19}},"4":{"start":{"line":5,"column":4},"end":{"line":5,"column":99}},"5":{"start":{"line":5,"column":21},"end":{"line":5,"column":99}},"6":{"start":{"line":5,"column":40},"end":{"line":5,"column":99}},"7":{"start":{"line":5,"column":80},"end":{"line":5,"column":99}},"8":{"start":{"line":6,"column":4},"end":{"line":6,"column":28}},"9":{"start":{"line":7,"column":4},"end":{"line":7,"column":18}},"10":{"start":{"line":9,"column":0},"end":{"line":9,"column":62}},"11":{"start":{"line":10,"column":19},"end":{"line":10,"column":52}},"12":{"start":{"line":11,"column":19},"end":{"line":39,"column":2}},"13":{"start":{"line":40,"column":0},"end":{"line":40,"column":63}}},"fnMap":{"0":{"name":"(anonymous_0)","decl":{"start":{"line":2,"column":50},"end":{"line":2,"column":51}},"loc":{"start":{"line":2,"column":65},"end":{"line":8,"column":1}},"line":2}},"branchMap":{"0":{"loc":{"start":{"line":2,"column":19},"end":{"line":8,"column":1}},"type":"binary-expr","locations":[{"start":{"line":2,"column":20},"end":{"line":2,"column":24}},{"start":{"line":2,"column":28},"end":{"line":2,"column":45}},{"start":{"line":2,"column":50},"end":{"line":8,"column":1}}],"line":2},"1":{"loc":{"start":{"line":3,"column":4},"end":{"line":3,"column":42}},"type":"if","locations":[{"start":{"line":3,"column":4},"end":{"line":3,"column":42}},{"start":{"line":3,"column":4},"end":{"line":3,"column":42}}],"line":3},"2":{"loc":{"start":{"line":3,"column":8},"end":{"line":3,"column":29}},"type":"binary-expr","locations":[{"start":{"line":3,"column":8},"end":{"line":3,"column":11}},{"start":{"line":3,"column":15},"end":{"line":3,"column":29}}],"line":3},"3":{"loc":{"start":{"line":5,"column":4},"end":{"line":5,"column":99}},"type":"if","locations":[{"start":{"line":5,"column":4},"end":{"line":5,"column":99}},{"start":{"line":5,"column":4},"end":{"line":5,"column":99}}],"line":5},"4":{"loc":{"start":{"line":5,"column":40},"end":{"line":5,"column":99}},"type":"if","locations":[{"start":{"line":5,"column":40},"end":{"line":5,"column":99}},{"start":{"line":5,"column":40},"end":{"line":5,"column":99}}],"line":5}},"s":{"0":1,"1":1,"2":0,"3":1,"4":1,"5":1,"6":46,"7":8,"8":1,"9":1,"10":1,"11":1,"12":1,"13":1},"f":{"0":1},"b":{"0":[1,1,1],"1":[0,1],"2":[1,1],"3":[1,0],"4":[8,38]},"_coverageSchema":"43e27e138ebf9cfc5966b082cf9a028302ed4184","hash":"7084fbe7d4c451241b826bfe72d860870cd063e2"}
,"/Users/techkny/Projects/express/premier-league-fixures/compiled/models/user.js": {"path":"/Users/techkny/Projects/express/premier-league-fixures/compiled/models/user.js","statementMap":{"0":{"start":{"line":2,"column":19},"end":{"line":8,"column":1}},"1":{"start":{"line":3,"column":4},"end":{"line":3,"column":42}},"2":{"start":{"line":3,"column":31},"end":{"line":3,"column":42}},"3":{"start":{"line":4,"column":17},"end":{"line":4,"column":19}},"4":{"start":{"line":5,"column":4},"end":{"line":5,"column":99}},"5":{"start":{"line":5,"column":21},"end":{"line":5,"column":99}},"6":{"start":{"line":5,"column":40},"end":{"line":5,"column":99}},"7":{"start":{"line":5,"column":80},"end":{"line":5,"column":99}},"8":{"start":{"line":6,"column":4},"end":{"line":6,"column":28}},"9":{"start":{"line":7,"column":4},"end":{"line":7,"column":18}},"10":{"start":{"line":9,"column":0},"end":{"line":9,"column":62}},"11":{"start":{"line":10,"column":19},"end":{"line":10,"column":52}},"12":{"start":{"line":11,"column":19},"end":{"line":42,"column":2}},"13":{"start":{"line":43,"column":0},"end":{"line":43,"column":63}}},"fnMap":{"0":{"name":"(anonymous_0)","decl":{"start":{"line":2,"column":50},"end":{"line":2,"column":51}},"loc":{"start":{"line":2,"column":65},"end":{"line":8,"column":1}},"line":2}},"branchMap":{"0":{"loc":{"start":{"line":2,"column":19},"end":{"line":8,"column":1}},"type":"binary-expr","locations":[{"start":{"line":2,"column":20},"end":{"line":2,"column":24}},{"start":{"line":2,"column":28},"end":{"line":2,"column":45}},{"start":{"line":2,"column":50},"end":{"line":8,"column":1}}],"line":2},"1":{"loc":{"start":{"line":3,"column":4},"end":{"line":3,"column":42}},"type":"if","locations":[{"start":{"line":3,"column":4},"end":{"line":3,"column":42}},{"start":{"line":3,"column":4},"end":{"line":3,"column":42}}],"line":3},"2":{"loc":{"start":{"line":3,"column":8},"end":{"line":3,"column":29}},"type":"binary-expr","locations":[{"start":{"line":3,"column":8},"end":{"line":3,"column":11}},{"start":{"line":3,"column":15},"end":{"line":3,"column":29}}],"line":3},"3":{"loc":{"start":{"line":5,"column":4},"end":{"line":5,"column":99}},"type":"if","locations":[{"start":{"line":5,"column":4},"end":{"line":5,"column":99}},{"start":{"line":5,"column":4},"end":{"line":5,"column":99}}],"line":5},"4":{"loc":{"start":{"line":5,"column":40},"end":{"line":5,"column":99}},"type":"if","locations":[{"start":{"line":5,"column":40},"end":{"line":5,"column":99}},{"start":{"line":5,"column":40},"end":{"line":5,"column":99}}],"line":5}},"s":{"0":1,"1":1,"2":0,"3":1,"4":1,"5":1,"6":46,"7":8,"8":1,"9":1,"10":1,"11":1,"12":1,"13":1},"f":{"0":1},"b":{"0":[1,1,1],"1":[0,1],"2":[1,1],"3":[1,0],"4":[8,38]},"_coverageSchema":"43e27e138ebf9cfc5966b082cf9a028302ed4184","hash":"195e3494c2570669e4ffd8924999a8fe5a222067"}
,"/Users/techkny/Projects/express/premier-league-fixures/compiled/routes/apiRouter.js": {"path":"/Users/techkny/Projects/express/premier-league-fixures/compiled/routes/apiRouter.js","statementMap":{"0":{"start":{"line":2,"column":22},"end":{"line":4,"column":1}},"1":{"start":{"line":3,"column":4},"end":{"line":3,"column":62}},"2":{"start":{"line":5,"column":0},"end":{"line":5,"column":62}},"3":{"start":{"line":6,"column":18},"end":{"line":6,"column":53}},"4":{"start":{"line":7,"column":17},"end":{"line":7,"column":59}},"5":{"start":{"line":8,"column":17},"end":{"line":8,"column":59}},"6":{"start":{"line":9,"column":17},"end":{"line":9,"column":62}},"7":{"start":{"line":10,"column":15},"end":{"line":10,"column":41}},"8":{"start":{"line":12,"column":0},"end":{"line":14,"column":3}},"9":{"start":{"line":13,"column":4},"end":{"line":13,"column":41}},"10":{"start":{"line":15,"column":0},"end":{"line":15,"column":39}},"11":{"start":{"line":16,"column":0},"end":{"line":16,"column":39}},"12":{"start":{"line":17,"column":0},"end":{"line":17,"column":42}},"13":{"start":{"line":18,"column":0},"end":{"line":18,"column":25}}},"fnMap":{"0":{"name":"(anonymous_0)","decl":{"start":{"line":2,"column":56},"end":{"line":2,"column":57}},"loc":{"start":{"line":2,"column":71},"end":{"line":4,"column":1}},"line":2},"1":{"name":"(anonymous_1)","decl":{"start":{"line":12,"column":16},"end":{"line":12,"column":17}},"loc":{"start":{"line":12,"column":42},"end":{"line":14,"column":1}},"line":12}},"branchMap":{"0":{"loc":{"start":{"line":2,"column":22},"end":{"line":4,"column":1}},"type":"binary-expr","locations":[{"start":{"line":2,"column":23},"end":{"line":2,"column":27}},{"start":{"line":2,"column":31},"end":{"line":2,"column":51}},{"start":{"line":2,"column":56},"end":{"line":4,"column":1}}],"line":2},"1":{"loc":{"start":{"line":3,"column":11},"end":{"line":3,"column":61}},"type":"cond-expr","locations":[{"start":{"line":3,"column":37},"end":{"line":3,"column":40}},{"start":{"line":3,"column":43},"end":{"line":3,"column":61}}],"line":3},"2":{"loc":{"start":{"line":3,"column":12},"end":{"line":3,"column":33}},"type":"binary-expr","locations":[{"start":{"line":3,"column":12},"end":{"line":3,"column":15}},{"start":{"line":3,"column":19},"end":{"line":3,"column":33}}],"line":3}},"s":{"0":1,"1":4,"2":1,"3":1,"4":1,"5":1,"6":1,"7":1,"8":1,"9":1,"10":1,"11":1,"12":1,"13":1},"f":{"0":4,"1":1},"b":{"0":[1,1,1],"1":[3,1],"2":[4,4]},"_coverageSchema":"43e27e138ebf9cfc5966b082cf9a028302ed4184","hash":"f5b472c9313c7d92454a8f220aade5e77a65f68c"}
,"/Users/techkny/Projects/express/premier-league-fixures/compiled/routes/users.js": {"path":"/Users/techkny/Projects/express/premier-league-fixures/compiled/routes/users.js","statementMap":{"0":{"start":{"line":2,"column":22},"end":{"line":4,"column":1}},"1":{"start":{"line":3,"column":4},"end":{"line":3,"column":62}},"2":{"start":{"line":5,"column":0},"end":{"line":5,"column":62}},"3":{"start":{"line":6,"column":18},"end":{"line":6,"column":53}},"4":{"start":{"line":7,"column":15},"end":{"line":7,"column":41}},"5":{"start":{"line":9,"column":0},"end":{"line":11,"column":3}},"6":{"start":{"line":10,"column":4},"end":{"line":10,"column":24}},"7":{"start":{"line":12,"column":0},"end":{"line":12,"column":25}}},"fnMap":{"0":{"name":"(anonymous_0)","decl":{"start":{"line":2,"column":56},"end":{"line":2,"column":57}},"loc":{"start":{"line":2,"column":71},"end":{"line":4,"column":1}},"line":2},"1":{"name":"(anonymous_1)","decl":{"start":{"line":9,"column":16},"end":{"line":9,"column":17}},"loc":{"start":{"line":9,"column":42},"end":{"line":11,"column":1}},"line":9}},"branchMap":{"0":{"loc":{"start":{"line":2,"column":22},"end":{"line":4,"column":1}},"type":"binary-expr","locations":[{"start":{"line":2,"column":23},"end":{"line":2,"column":27}},{"start":{"line":2,"column":31},"end":{"line":2,"column":51}},{"start":{"line":2,"column":56},"end":{"line":4,"column":1}}],"line":2},"1":{"loc":{"start":{"line":3,"column":11},"end":{"line":3,"column":61}},"type":"cond-expr","locations":[{"start":{"line":3,"column":37},"end":{"line":3,"column":40}},{"start":{"line":3,"column":43},"end":{"line":3,"column":61}}],"line":3},"2":{"loc":{"start":{"line":3,"column":12},"end":{"line":3,"column":33}},"type":"binary-expr","locations":[{"start":{"line":3,"column":12},"end":{"line":3,"column":15}},{"start":{"line":3,"column":19},"end":{"line":3,"column":33}}],"line":3}},"s":{"0":1,"1":1,"2":1,"3":1,"4":1,"5":1,"6":0,"7":1},"f":{"0":1,"1":0},"b":{"0":[1,1,1],"1":[0,1],"2":[1,1]},"_coverageSchema":"43e27e138ebf9cfc5966b082cf9a028302ed4184","hash":"f2caf9f9efc743b8be4ec7902b0affba64c409b3"}
,"/Users/techkny/Projects/express/premier-league-fixures/compiled/routes/fixtures/controller.js": {"path":"/Users/techkny/Projects/express/premier-league-fixures/compiled/routes/fixtures/controller.js","statementMap":{"0":{"start":{"line":2,"column":16},"end":{"line":9,"column":1}},"1":{"start":{"line":3,"column":4},"end":{"line":8,"column":7}},"2":{"start":{"line":4,"column":36},"end":{"line":4,"column":97}},"3":{"start":{"line":4,"column":42},"end":{"line":4,"column":70}},"4":{"start":{"line":4,"column":85},"end":{"line":4,"column":95}},"5":{"start":{"line":5,"column":35},"end":{"line":5,"column":100}},"6":{"start":{"line":5,"column":41},"end":{"line":5,"column":73}},"7":{"start":{"line":5,"column":88},"end":{"line":5,"column":98}},"8":{"start":{"line":6,"column":32},"end":{"line":6,"column":149}},"9":{"start":{"line":6,"column":97},"end":{"line":6,"column":119}},"10":{"start":{"line":7,"column":8},"end":{"line":7,"column":78}},"11":{"start":{"line":10,"column":22},"end":{"line":12,"column":1}},"12":{"start":{"line":11,"column":4},"end":{"line":11,"column":62}},"13":{"start":{"line":13,"column":0},"end":{"line":13,"column":62}},"14":{"start":{"line":14,"column":18},"end":{"line":14,"column":66}},"15":{"start":{"line":15,"column":24},"end":{"line":15,"column":62}},"16":{"start":{"line":16,"column":37},"end":{"line":16,"column":105}},"17":{"start":{"line":18,"column":4},"end":{"line":43,"column":7}},"18":{"start":{"line":22,"column":26},"end":{"line":22,"column":67}},"19":{"start":{"line":23,"column":8},"end":{"line":26,"column":9}},"20":{"start":{"line":24,"column":12},"end":{"line":24,"column":40}},"21":{"start":{"line":25,"column":12},"end":{"line":25,"column":19}},"22":{"start":{"line":30,"column":29},"end":{"line":30,"column":117}},"23":{"start":{"line":31,"column":8},"end":{"line":34,"column":9}},"24":{"start":{"line":32,"column":12},"end":{"line":32,"column":85}},"25":{"start":{"line":33,"column":12},"end":{"line":33,"column":19}},"26":{"start":{"line":36,"column":24},"end":{"line":41,"column":10}},"27":{"start":{"line":37,"column":12},"end":{"line":40,"column":23}},"28":{"start":{"line":42,"column":8},"end":{"line":42,"column":38}},"29":{"start":{"line":45,"column":0},"end":{"line":45,"column":38}},"30":{"start":{"line":47,"column":4},"end":{"line":56,"column":7}},"31":{"start":{"line":48,"column":24},"end":{"line":53,"column":10}},"32":{"start":{"line":49,"column":12},"end":{"line":52,"column":23}},"33":{"start":{"line":54,"column":8},"end":{"line":54,"column":26}},"34":{"start":{"line":55,"column":8},"end":{"line":55,"column":15}},"35":{"start":{"line":58,"column":0},"end":{"line":58,"column":36}},"36":{"start":{"line":60,"column":4},"end":{"line":91,"column":7}},"37":{"start":{"line":62,"column":26},"end":{"line":62,"column":67}},"38":{"start":{"line":63,"column":8},"end":{"line":66,"column":9}},"39":{"start":{"line":64,"column":12},"end":{"line":64,"column":40}},"40":{"start":{"line":65,"column":12},"end":{"line":65,"column":19}},"41":{"start":{"line":68,"column":22},"end":{"line":68,"column":69}},"42":{"start":{"line":70,"column":8},"end":{"line":73,"column":9}},"43":{"start":{"line":71,"column":12},"end":{"line":71,"column":70}},"44":{"start":{"line":72,"column":12},"end":{"line":72,"column":19}},"45":{"start":{"line":75,"column":8},"end":{"line":75,"column":45}},"46":{"start":{"line":76,"column":8},"end":{"line":76,"column":45}},"47":{"start":{"line":77,"column":8},"end":{"line":77,"column":47}},"48":{"start":{"line":78,"column":8},"end":{"line":78,"column":47}},"49":{"start":{"line":79,"column":8},"end":{"line":79,"column":43}},"50":{"start":{"line":80,"column":8},"end":{"line":80,"column":47}},"51":{"start":{"line":81,"column":8},"end":{"line":81,"column":43}},"52":{"start":{"line":82,"column":8},"end":{"line":82,"column":37}},"53":{"start":{"line":84,"column":30},"end":{"line":89,"column":10}},"54":{"start":{"line":85,"column":12},"end":{"line":88,"column":23}},"55":{"start":{"line":90,"column":8},"end":{"line":90,"column":44}},"56":{"start":{"line":93,"column":0},"end":{"line":93,"column":34}},"57":{"start":{"line":95,"column":4},"end":{"line":105,"column":7}},"58":{"start":{"line":96,"column":24},"end":{"line":99,"column":10}},"59":{"start":{"line":97,"column":12},"end":{"line":97,"column":34}},"60":{"start":{"line":98,"column":12},"end":{"line":98,"column":23}},"61":{"start":{"line":100,"column":8},"end":{"line":103,"column":9}},"62":{"start":{"line":101,"column":12},"end":{"line":101,"column":70}},"63":{"start":{"line":102,"column":12},"end":{"line":102,"column":19}},"64":{"start":{"line":104,"column":8},"end":{"line":104,"column":38}},"65":{"start":{"line":107,"column":0},"end":{"line":107,"column":38}}},"fnMap":{"0":{"name":"(anonymous_0)","decl":{"start":{"line":2,"column":44},"end":{"line":2,"column":45}},"loc":{"start":{"line":2,"column":89},"end":{"line":9,"column":1}},"line":2},"1":{"name":"(anonymous_1)","decl":{"start":{"line":3,"column":36},"end":{"line":3,"column":37}},"loc":{"start":{"line":3,"column":63},"end":{"line":8,"column":5}},"line":3},"2":{"name":"fulfilled","decl":{"start":{"line":4,"column":17},"end":{"line":4,"column":26}},"loc":{"start":{"line":4,"column":34},"end":{"line":4,"column":99}},"line":4},"3":{"name":"rejected","decl":{"start":{"line":5,"column":17},"end":{"line":5,"column":25}},"loc":{"start":{"line":5,"column":33},"end":{"line":5,"column":102}},"line":5},"4":{"name":"step","decl":{"start":{"line":6,"column":17},"end":{"line":6,"column":21}},"loc":{"start":{"line":6,"column":30},"end":{"line":6,"column":151}},"line":6},"5":{"name":"(anonymous_5)","decl":{"start":{"line":6,"column":76},"end":{"line":6,"column":77}},"loc":{"start":{"line":6,"column":95},"end":{"line":6,"column":121}},"line":6},"6":{"name":"(anonymous_6)","decl":{"start":{"line":10,"column":56},"end":{"line":10,"column":57}},"loc":{"start":{"line":10,"column":71},"end":{"line":12,"column":1}},"line":10},"7":{"name":"createFixture","decl":{"start":{"line":17,"column":9},"end":{"line":17,"column":22}},"loc":{"start":{"line":17,"column":33},"end":{"line":44,"column":1}},"line":17},"8":{"name":"(anonymous_8)","decl":{"start":{"line":18,"column":43},"end":{"line":18,"column":44}},"loc":{"start":{"line":18,"column":56},"end":{"line":43,"column":5}},"line":18},"9":{"name":"(anonymous_9)","decl":{"start":{"line":36,"column":75},"end":{"line":36,"column":76}},"loc":{"start":{"line":36,"column":82},"end":{"line":41,"column":9}},"line":36},"10":{"name":"viewFixtures","decl":{"start":{"line":46,"column":9},"end":{"line":46,"column":21}},"loc":{"start":{"line":46,"column":32},"end":{"line":57,"column":1}},"line":46},"11":{"name":"(anonymous_11)","decl":{"start":{"line":47,"column":43},"end":{"line":47,"column":44}},"loc":{"start":{"line":47,"column":56},"end":{"line":56,"column":5}},"line":47},"12":{"name":"(anonymous_12)","decl":{"start":{"line":48,"column":63},"end":{"line":48,"column":64}},"loc":{"start":{"line":48,"column":70},"end":{"line":53,"column":9}},"line":48},"13":{"name":"editFixture","decl":{"start":{"line":59,"column":9},"end":{"line":59,"column":20}},"loc":{"start":{"line":59,"column":31},"end":{"line":92,"column":1}},"line":59},"14":{"name":"(anonymous_14)","decl":{"start":{"line":60,"column":43},"end":{"line":60,"column":44}},"loc":{"start":{"line":60,"column":56},"end":{"line":91,"column":5}},"line":60},"15":{"name":"(anonymous_15)","decl":{"start":{"line":84,"column":57},"end":{"line":84,"column":58}},"loc":{"start":{"line":84,"column":64},"end":{"line":89,"column":9}},"line":84},"16":{"name":"deleteFixture","decl":{"start":{"line":94,"column":9},"end":{"line":94,"column":22}},"loc":{"start":{"line":94,"column":33},"end":{"line":106,"column":1}},"line":94},"17":{"name":"(anonymous_17)","decl":{"start":{"line":95,"column":43},"end":{"line":95,"column":44}},"loc":{"start":{"line":95,"column":56},"end":{"line":105,"column":5}},"line":95},"18":{"name":"(anonymous_18)","decl":{"start":{"line":96,"column":87},"end":{"line":96,"column":88}},"loc":{"start":{"line":96,"column":94},"end":{"line":99,"column":9}},"line":96}},"branchMap":{"0":{"loc":{"start":{"line":2,"column":16},"end":{"line":9,"column":1}},"type":"binary-expr","locations":[{"start":{"line":2,"column":17},"end":{"line":2,"column":21}},{"start":{"line":2,"column":25},"end":{"line":2,"column":39}},{"start":{"line":2,"column":44},"end":{"line":9,"column":1}}],"line":2},"1":{"loc":{"start":{"line":3,"column":16},"end":{"line":3,"column":34}},"type":"binary-expr","locations":[{"start":{"line":3,"column":16},"end":{"line":3,"column":17}},{"start":{"line":3,"column":22},"end":{"line":3,"column":33}}],"line":3},"2":{"loc":{"start":{"line":6,"column":32},"end":{"line":6,"column":148}},"type":"cond-expr","locations":[{"start":{"line":6,"column":46},"end":{"line":6,"column":67}},{"start":{"line":6,"column":70},"end":{"line":6,"column":148}}],"line":6},"3":{"loc":{"start":{"line":7,"column":51},"end":{"line":7,"column":67}},"type":"binary-expr","locations":[{"start":{"line":7,"column":51},"end":{"line":7,"column":61}},{"start":{"line":7,"column":65},"end":{"line":7,"column":67}}],"line":7},"4":{"loc":{"start":{"line":10,"column":22},"end":{"line":12,"column":1}},"type":"binary-expr","locations":[{"start":{"line":10,"column":23},"end":{"line":10,"column":27}},{"start":{"line":10,"column":31},"end":{"line":10,"column":51}},{"start":{"line":10,"column":56},"end":{"line":12,"column":1}}],"line":10},"5":{"loc":{"start":{"line":11,"column":11},"end":{"line":11,"column":61}},"type":"cond-expr","locations":[{"start":{"line":11,"column":37},"end":{"line":11,"column":40}},{"start":{"line":11,"column":43},"end":{"line":11,"column":61}}],"line":11},"6":{"loc":{"start":{"line":11,"column":12},"end":{"line":11,"column":33}},"type":"binary-expr","locations":[{"start":{"line":11,"column":12},"end":{"line":11,"column":15}},{"start":{"line":11,"column":19},"end":{"line":11,"column":33}}],"line":11},"7":{"loc":{"start":{"line":23,"column":8},"end":{"line":26,"column":9}},"type":"if","locations":[{"start":{"line":23,"column":8},"end":{"line":26,"column":9}},{"start":{"line":23,"column":8},"end":{"line":26,"column":9}}],"line":23},"8":{"loc":{"start":{"line":31,"column":8},"end":{"line":34,"column":9}},"type":"if","locations":[{"start":{"line":31,"column":8},"end":{"line":34,"column":9}},{"start":{"line":31,"column":8},"end":{"line":34,"column":9}}],"line":31},"9":{"loc":{"start":{"line":63,"column":8},"end":{"line":66,"column":9}},"type":"if","locations":[{"start":{"line":63,"column":8},"end":{"line":66,"column":9}},{"start":{"line":63,"column":8},"end":{"line":66,"column":9}}],"line":63},"10":{"loc":{"start":{"line":70,"column":8},"end":{"line":73,"column":9}},"type":"if","locations":[{"start":{"line":70,"column":8},"end":{"line":73,"column":9}},{"start":{"line":70,"column":8},"end":{"line":73,"column":9}}],"line":70},"11":{"loc":{"start":{"line":100,"column":8},"end":{"line":103,"column":9}},"type":"if","locations":[{"start":{"line":100,"column":8},"end":{"line":103,"column":9}},{"start":{"line":100,"column":8},"end":{"line":103,"column":9}}],"line":100}},"s":{"0":1,"1":0,"2":0,"3":0,"4":0,"5":0,"6":0,"7":0,"8":0,"9":0,"10":0,"11":1,"12":2,"13":1,"14":1,"15":1,"16":1,"17":0,"18":0,"19":0,"20":0,"21":0,"22":0,"23":0,"24":0,"25":0,"26":0,"27":0,"28":0,"29":1,"30":0,"31":0,"32":0,"33":0,"34":0,"35":1,"36":0,"37":0,"38":0,"39":0,"40":0,"41":0,"42":0,"43":0,"44":0,"45":0,"46":0,"47":0,"48":0,"49":0,"50":0,"51":0,"52":0,"53":0,"54":0,"55":0,"56":1,"57":0,"58":0,"59":0,"60":0,"61":0,"62":0,"63":0,"64":0,"65":1},"f":{"0":0,"1":0,"2":0,"3":0,"4":0,"5":0,"6":2,"7":0,"8":0,"9":0,"10":0,"11":0,"12":0,"13":0,"14":0,"15":0,"16":0,"17":0,"18":0},"b":{"0":[1,1,1],"1":[0,0],"2":[0,0],"3":[0,0],"4":[1,1,1],"5":[2,0],"6":[2,2],"7":[0,0],"8":[0,0],"9":[0,0],"10":[0,0],"11":[0,0]},"_coverageSchema":"43e27e138ebf9cfc5966b082cf9a028302ed4184","hash":"f3c3b8f02f694225d910fc9715c82b3118104d87"}
,"/Users/techkny/Projects/express/premier-league-fixures/compiled/routes/fixtures/router.js": {"path":"/Users/techkny/Projects/express/premier-league-fixures/compiled/routes/fixtures/router.js","statementMap":{"0":{"start":{"line":2,"column":0},"end":{"line":2,"column":62}},"1":{"start":{"line":3,"column":18},"end":{"line":3,"column":36}},"2":{"start":{"line":4,"column":21},"end":{"line":4,"column":44}},"3":{"start":{"line":5,"column":15},"end":{"line":5,"column":33}},"4":{"start":{"line":6,"column":0},"end":{"line":6,"column":45}},"5":{"start":{"line":7,"column":0},"end":{"line":7,"column":43}},"6":{"start":{"line":8,"column":0},"end":{"line":8,"column":45}},"7":{"start":{"line":9,"column":0},"end":{"line":9,"column":50}},"8":{"start":{"line":10,"column":0},"end":{"line":10,"column":25}}},"fnMap":{},"branchMap":{},"s":{"0":1,"1":1,"2":1,"3":1,"4":1,"5":1,"6":1,"7":1,"8":1},"f":{},"b":{},"_coverageSchema":"43e27e138ebf9cfc5966b082cf9a028302ed4184","hash":"47199272900f0e791e933aa8cb432ff9f15e0060"}
,"/Users/techkny/Projects/express/premier-league-fixures/compiled/routes/teams/controller.js": {"path":"/Users/techkny/Projects/express/premier-league-fixures/compiled/routes/teams/controller.js","statementMap":{"0":{"start":{"line":2,"column":16},"end":{"line":9,"column":1}},"1":{"start":{"line":3,"column":4},"end":{"line":8,"column":7}},"2":{"start":{"line":4,"column":36},"end":{"line":4,"column":97}},"3":{"start":{"line":4,"column":42},"end":{"line":4,"column":70}},"4":{"start":{"line":4,"column":85},"end":{"line":4,"column":95}},"5":{"start":{"line":5,"column":35},"end":{"line":5,"column":100}},"6":{"start":{"line":5,"column":41},"end":{"line":5,"column":73}},"7":{"start":{"line":5,"column":88},"end":{"line":5,"column":98}},"8":{"start":{"line":6,"column":32},"end":{"line":6,"column":149}},"9":{"start":{"line":6,"column":97},"end":{"line":6,"column":119}},"10":{"start":{"line":7,"column":8},"end":{"line":7,"column":78}},"11":{"start":{"line":10,"column":22},"end":{"line":12,"column":1}},"12":{"start":{"line":11,"column":4},"end":{"line":11,"column":62}},"13":{"start":{"line":13,"column":0},"end":{"line":13,"column":62}},"14":{"start":{"line":14,"column":15},"end":{"line":14,"column":60}},"15":{"start":{"line":15,"column":24},"end":{"line":15,"column":62}},"16":{"start":{"line":17,"column":4},"end":{"line":30,"column":7}},"17":{"start":{"line":19,"column":26},"end":{"line":19,"column":64}},"18":{"start":{"line":20,"column":8},"end":{"line":23,"column":9}},"19":{"start":{"line":21,"column":12},"end":{"line":21,"column":40}},"20":{"start":{"line":22,"column":12},"end":{"line":22,"column":19}},"21":{"start":{"line":24,"column":21},"end":{"line":27,"column":10}},"22":{"start":{"line":25,"column":12},"end":{"line":25,"column":46}},"23":{"start":{"line":26,"column":12},"end":{"line":26,"column":19}},"24":{"start":{"line":28,"column":8},"end":{"line":28,"column":35}},"25":{"start":{"line":29,"column":8},"end":{"line":29,"column":18}},"26":{"start":{"line":32,"column":0},"end":{"line":32,"column":32}},"27":{"start":{"line":34,"column":4},"end":{"line":40,"column":7}},"28":{"start":{"line":35,"column":22},"end":{"line":37,"column":10}},"29":{"start":{"line":36,"column":12},"end":{"line":36,"column":38}},"30":{"start":{"line":38,"column":8},"end":{"line":38,"column":24}},"31":{"start":{"line":39,"column":8},"end":{"line":39,"column":15}},"32":{"start":{"line":42,"column":0},"end":{"line":42,"column":28}},"33":{"start":{"line":44,"column":4},"end":{"line":69,"column":7}},"34":{"start":{"line":46,"column":26},"end":{"line":46,"column":64}},"35":{"start":{"line":47,"column":8},"end":{"line":50,"column":9}},"36":{"start":{"line":48,"column":12},"end":{"line":48,"column":40}},"37":{"start":{"line":49,"column":12},"end":{"line":49,"column":19}},"38":{"start":{"line":52,"column":19},"end":{"line":52,"column":63}},"39":{"start":{"line":54,"column":8},"end":{"line":57,"column":9}},"40":{"start":{"line":55,"column":12},"end":{"line":55,"column":67}},"41":{"start":{"line":56,"column":12},"end":{"line":56,"column":19}},"42":{"start":{"line":59,"column":8},"end":{"line":59,"column":47}},"43":{"start":{"line":60,"column":8},"end":{"line":60,"column":56}},"44":{"start":{"line":61,"column":8},"end":{"line":61,"column":53}},"45":{"start":{"line":62,"column":8},"end":{"line":62,"column":59}},"46":{"start":{"line":63,"column":8},"end":{"line":63,"column":50}},"47":{"start":{"line":64,"column":8},"end":{"line":64,"column":68}},"48":{"start":{"line":65,"column":8},"end":{"line":65,"column":62}},"49":{"start":{"line":67,"column":27},"end":{"line":67,"column":44}},"50":{"start":{"line":68,"column":8},"end":{"line":68,"column":41}},"51":{"start":{"line":71,"column":0},"end":{"line":71,"column":28}},"52":{"start":{"line":73,"column":4},"end":{"line":83,"column":7}},"53":{"start":{"line":74,"column":24},"end":{"line":77,"column":10}},"54":{"start":{"line":75,"column":12},"end":{"line":75,"column":34}},"55":{"start":{"line":76,"column":12},"end":{"line":76,"column":23}},"56":{"start":{"line":78,"column":8},"end":{"line":81,"column":9}},"57":{"start":{"line":79,"column":12},"end":{"line":79,"column":67}},"58":{"start":{"line":80,"column":12},"end":{"line":80,"column":19}},"59":{"start":{"line":82,"column":8},"end":{"line":82,"column":38}},"60":{"start":{"line":85,"column":0},"end":{"line":85,"column":32}}},"fnMap":{"0":{"name":"(anonymous_0)","decl":{"start":{"line":2,"column":44},"end":{"line":2,"column":45}},"loc":{"start":{"line":2,"column":89},"end":{"line":9,"column":1}},"line":2},"1":{"name":"(anonymous_1)","decl":{"start":{"line":3,"column":36},"end":{"line":3,"column":37}},"loc":{"start":{"line":3,"column":63},"end":{"line":8,"column":5}},"line":3},"2":{"name":"fulfilled","decl":{"start":{"line":4,"column":17},"end":{"line":4,"column":26}},"loc":{"start":{"line":4,"column":34},"end":{"line":4,"column":99}},"line":4},"3":{"name":"rejected","decl":{"start":{"line":5,"column":17},"end":{"line":5,"column":25}},"loc":{"start":{"line":5,"column":33},"end":{"line":5,"column":102}},"line":5},"4":{"name":"step","decl":{"start":{"line":6,"column":17},"end":{"line":6,"column":21}},"loc":{"start":{"line":6,"column":30},"end":{"line":6,"column":151}},"line":6},"5":{"name":"(anonymous_5)","decl":{"start":{"line":6,"column":76},"end":{"line":6,"column":77}},"loc":{"start":{"line":6,"column":95},"end":{"line":6,"column":121}},"line":6},"6":{"name":"(anonymous_6)","decl":{"start":{"line":10,"column":56},"end":{"line":10,"column":57}},"loc":{"start":{"line":10,"column":71},"end":{"line":12,"column":1}},"line":10},"7":{"name":"createTeam","decl":{"start":{"line":16,"column":9},"end":{"line":16,"column":19}},"loc":{"start":{"line":16,"column":30},"end":{"line":31,"column":1}},"line":16},"8":{"name":"(anonymous_8)","decl":{"start":{"line":17,"column":43},"end":{"line":17,"column":44}},"loc":{"start":{"line":17,"column":56},"end":{"line":30,"column":5}},"line":17},"9":{"name":"(anonymous_9)","decl":{"start":{"line":24,"column":69},"end":{"line":24,"column":70}},"loc":{"start":{"line":24,"column":76},"end":{"line":27,"column":9}},"line":24},"10":{"name":"viewTeam","decl":{"start":{"line":33,"column":9},"end":{"line":33,"column":17}},"loc":{"start":{"line":33,"column":28},"end":{"line":41,"column":1}},"line":33},"11":{"name":"(anonymous_11)","decl":{"start":{"line":34,"column":43},"end":{"line":34,"column":44}},"loc":{"start":{"line":34,"column":56},"end":{"line":40,"column":5}},"line":34},"12":{"name":"(anonymous_12)","decl":{"start":{"line":35,"column":58},"end":{"line":35,"column":59}},"loc":{"start":{"line":35,"column":65},"end":{"line":37,"column":9}},"line":35},"13":{"name":"editTeam","decl":{"start":{"line":43,"column":9},"end":{"line":43,"column":17}},"loc":{"start":{"line":43,"column":28},"end":{"line":70,"column":1}},"line":43},"14":{"name":"(anonymous_14)","decl":{"start":{"line":44,"column":43},"end":{"line":44,"column":44}},"loc":{"start":{"line":44,"column":56},"end":{"line":69,"column":5}},"line":44},"15":{"name":"deleteTeam","decl":{"start":{"line":72,"column":9},"end":{"line":72,"column":19}},"loc":{"start":{"line":72,"column":30},"end":{"line":84,"column":1}},"line":72},"16":{"name":"(anonymous_16)","decl":{"start":{"line":73,"column":43},"end":{"line":73,"column":44}},"loc":{"start":{"line":73,"column":56},"end":{"line":83,"column":5}},"line":73},"17":{"name":"(anonymous_17)","decl":{"start":{"line":74,"column":84},"end":{"line":74,"column":85}},"loc":{"start":{"line":74,"column":91},"end":{"line":77,"column":9}},"line":74}},"branchMap":{"0":{"loc":{"start":{"line":2,"column":16},"end":{"line":9,"column":1}},"type":"binary-expr","locations":[{"start":{"line":2,"column":17},"end":{"line":2,"column":21}},{"start":{"line":2,"column":25},"end":{"line":2,"column":39}},{"start":{"line":2,"column":44},"end":{"line":9,"column":1}}],"line":2},"1":{"loc":{"start":{"line":3,"column":16},"end":{"line":3,"column":34}},"type":"binary-expr","locations":[{"start":{"line":3,"column":16},"end":{"line":3,"column":17}},{"start":{"line":3,"column":22},"end":{"line":3,"column":33}}],"line":3},"2":{"loc":{"start":{"line":6,"column":32},"end":{"line":6,"column":148}},"type":"cond-expr","locations":[{"start":{"line":6,"column":46},"end":{"line":6,"column":67}},{"start":{"line":6,"column":70},"end":{"line":6,"column":148}}],"line":6},"3":{"loc":{"start":{"line":7,"column":51},"end":{"line":7,"column":67}},"type":"binary-expr","locations":[{"start":{"line":7,"column":51},"end":{"line":7,"column":61}},{"start":{"line":7,"column":65},"end":{"line":7,"column":67}}],"line":7},"4":{"loc":{"start":{"line":10,"column":22},"end":{"line":12,"column":1}},"type":"binary-expr","locations":[{"start":{"line":10,"column":23},"end":{"line":10,"column":27}},{"start":{"line":10,"column":31},"end":{"line":10,"column":51}},{"start":{"line":10,"column":56},"end":{"line":12,"column":1}}],"line":10},"5":{"loc":{"start":{"line":11,"column":11},"end":{"line":11,"column":61}},"type":"cond-expr","locations":[{"start":{"line":11,"column":37},"end":{"line":11,"column":40}},{"start":{"line":11,"column":43},"end":{"line":11,"column":61}}],"line":11},"6":{"loc":{"start":{"line":11,"column":12},"end":{"line":11,"column":33}},"type":"binary-expr","locations":[{"start":{"line":11,"column":12},"end":{"line":11,"column":15}},{"start":{"line":11,"column":19},"end":{"line":11,"column":33}}],"line":11},"7":{"loc":{"start":{"line":20,"column":8},"end":{"line":23,"column":9}},"type":"if","locations":[{"start":{"line":20,"column":8},"end":{"line":23,"column":9}},{"start":{"line":20,"column":8},"end":{"line":23,"column":9}}],"line":20},"8":{"loc":{"start":{"line":47,"column":8},"end":{"line":50,"column":9}},"type":"if","locations":[{"start":{"line":47,"column":8},"end":{"line":50,"column":9}},{"start":{"line":47,"column":8},"end":{"line":50,"column":9}}],"line":47},"9":{"loc":{"start":{"line":54,"column":8},"end":{"line":57,"column":9}},"type":"if","locations":[{"start":{"line":54,"column":8},"end":{"line":57,"column":9}},{"start":{"line":54,"column":8},"end":{"line":57,"column":9}}],"line":54},"10":{"loc":{"start":{"line":59,"column":20},"end":{"line":59,"column":46}},"type":"binary-expr","locations":[{"start":{"line":59,"column":20},"end":{"line":59,"column":33}},{"start":{"line":59,"column":37},"end":{"line":59,"column":46}}],"line":59},"11":{"loc":{"start":{"line":60,"column":23},"end":{"line":60,"column":55}},"type":"binary-expr","locations":[{"start":{"line":60,"column":23},"end":{"line":60,"column":39}},{"start":{"line":60,"column":43},"end":{"line":60,"column":55}}],"line":60},"12":{"loc":{"start":{"line":61,"column":22},"end":{"line":61,"column":52}},"type":"binary-expr","locations":[{"start":{"line":61,"column":22},"end":{"line":61,"column":37}},{"start":{"line":61,"column":41},"end":{"line":61,"column":52}}],"line":61},"13":{"loc":{"start":{"line":62,"column":24},"end":{"line":62,"column":58}},"type":"binary-expr","locations":[{"start":{"line":62,"column":24},"end":{"line":62,"column":41}},{"start":{"line":62,"column":45},"end":{"line":62,"column":58}}],"line":62},"14":{"loc":{"start":{"line":63,"column":21},"end":{"line":63,"column":49}},"type":"binary-expr","locations":[{"start":{"line":63,"column":21},"end":{"line":63,"column":35}},{"start":{"line":63,"column":39},"end":{"line":63,"column":49}}],"line":63},"15":{"loc":{"start":{"line":64,"column":27},"end":{"line":64,"column":67}},"type":"binary-expr","locations":[{"start":{"line":64,"column":27},"end":{"line":64,"column":47}},{"start":{"line":64,"column":51},"end":{"line":64,"column":67}}],"line":64},"16":{"loc":{"start":{"line":65,"column":25},"end":{"line":65,"column":61}},"type":"binary-expr","locations":[{"start":{"line":65,"column":25},"end":{"line":65,"column":43}},{"start":{"line":65,"column":47},"end":{"line":65,"column":61}}],"line":65},"17":{"loc":{"start":{"line":78,"column":8},"end":{"line":81,"column":9}},"type":"if","locations":[{"start":{"line":78,"column":8},"end":{"line":81,"column":9}},{"start":{"line":78,"column":8},"end":{"line":81,"column":9}}],"line":78}},"s":{"0":1,"1":0,"2":0,"3":0,"4":0,"5":0,"6":0,"7":0,"8":0,"9":0,"10":0,"11":1,"12":1,"13":1,"14":1,"15":1,"16":0,"17":0,"18":0,"19":0,"20":0,"21":0,"22":0,"23":0,"24":0,"25":0,"26":1,"27":0,"28":0,"29":0,"30":0,"31":0,"32":1,"33":0,"34":0,"35":0,"36":0,"37":0,"38":0,"39":0,"40":0,"41":0,"42":0,"43":0,"44":0,"45":0,"46":0,"47":0,"48":0,"49":0,"50":0,"51":1,"52":0,"53":0,"54":0,"55":0,"56":0,"57":0,"58":0,"59":0,"60":1},"f":{"0":0,"1":0,"2":0,"3":0,"4":0,"5":0,"6":1,"7":0,"8":0,"9":0,"10":0,"11":0,"12":0,"13":0,"14":0,"15":0,"16":0,"17":0},"b":{"0":[1,1,1],"1":[0,0],"2":[0,0],"3":[0,0],"4":[1,1,1],"5":[1,0],"6":[1,1],"7":[0,0],"8":[0,0],"9":[0,0],"10":[0,0],"11":[0,0],"12":[0,0],"13":[0,0],"14":[0,0],"15":[0,0],"16":[0,0],"17":[0,0]},"_coverageSchema":"43e27e138ebf9cfc5966b082cf9a028302ed4184","hash":"670e5200983ba6df8a829f7d553bb2a9efabe8b8"}
,"/Users/techkny/Projects/express/premier-league-fixures/compiled/routes/teams/router.js": {"path":"/Users/techkny/Projects/express/premier-league-fixures/compiled/routes/teams/router.js","statementMap":{"0":{"start":{"line":2,"column":0},"end":{"line":2,"column":62}},"1":{"start":{"line":3,"column":18},"end":{"line":3,"column":36}},"2":{"start":{"line":4,"column":21},"end":{"line":4,"column":44}},"3":{"start":{"line":5,"column":31},"end":{"line":5,"column":80}},"4":{"start":{"line":6,"column":15},"end":{"line":6,"column":33}},"5":{"start":{"line":7,"column":0},"end":{"line":7,"column":86}},"6":{"start":{"line":8,"column":0},"end":{"line":8,"column":39}},"7":{"start":{"line":9,"column":0},"end":{"line":9,"column":86}},"8":{"start":{"line":10,"column":0},"end":{"line":10,"column":91}},"9":{"start":{"line":11,"column":0},"end":{"line":11,"column":25}}},"fnMap":{},"branchMap":{},"s":{"0":1,"1":1,"2":1,"3":1,"4":1,"5":1,"6":1,"7":1,"8":1,"9":1},"f":{},"b":{},"_coverageSchema":"43e27e138ebf9cfc5966b082cf9a028302ed4184","hash":"89cd6b41a882fcd02a790f5dac428810dfac1b17"}
,"/Users/techkny/Projects/express/premier-league-fixures/compiled/routes/users/controller.js": {"path":"/Users/techkny/Projects/express/premier-league-fixures/compiled/routes/users/controller.js","statementMap":{"0":{"start":{"line":2,"column":16},"end":{"line":9,"column":1}},"1":{"start":{"line":3,"column":4},"end":{"line":8,"column":7}},"2":{"start":{"line":4,"column":36},"end":{"line":4,"column":97}},"3":{"start":{"line":4,"column":42},"end":{"line":4,"column":70}},"4":{"start":{"line":4,"column":85},"end":{"line":4,"column":95}},"5":{"start":{"line":5,"column":35},"end":{"line":5,"column":100}},"6":{"start":{"line":5,"column":41},"end":{"line":5,"column":73}},"7":{"start":{"line":5,"column":88},"end":{"line":5,"column":98}},"8":{"start":{"line":6,"column":32},"end":{"line":6,"column":149}},"9":{"start":{"line":6,"column":97},"end":{"line":6,"column":119}},"10":{"start":{"line":7,"column":8},"end":{"line":7,"column":78}},"11":{"start":{"line":10,"column":22},"end":{"line":12,"column":1}},"12":{"start":{"line":11,"column":4},"end":{"line":11,"column":62}},"13":{"start":{"line":13,"column":0},"end":{"line":13,"column":62}},"14":{"start":{"line":14,"column":15},"end":{"line":14,"column":60}},"15":{"start":{"line":15,"column":24},"end":{"line":15,"column":62}},"16":{"start":{"line":16,"column":23},"end":{"line":16,"column":63}},"17":{"start":{"line":17,"column":17},"end":{"line":17,"column":51}},"18":{"start":{"line":19,"column":4},"end":{"line":39,"column":7}},"19":{"start":{"line":23,"column":26},"end":{"line":23,"column":64}},"20":{"start":{"line":24,"column":8},"end":{"line":27,"column":9}},"21":{"start":{"line":25,"column":12},"end":{"line":25,"column":40}},"22":{"start":{"line":26,"column":12},"end":{"line":26,"column":19}},"23":{"start":{"line":29,"column":27},"end":{"line":29,"column":65}},"24":{"start":{"line":30,"column":31},"end":{"line":30,"column":89}},"25":{"start":{"line":31,"column":8},"end":{"line":31,"column":43}},"26":{"start":{"line":33,"column":21},"end":{"line":36,"column":10}},"27":{"start":{"line":34,"column":12},"end":{"line":34,"column":46}},"28":{"start":{"line":35,"column":12},"end":{"line":35,"column":19}},"29":{"start":{"line":38,"column":8},"end":{"line":38,"column":35}},"30":{"start":{"line":41,"column":0},"end":{"line":41,"column":32}},"31":{"start":{"line":43,"column":4},"end":{"line":69,"column":7}},"32":{"start":{"line":47,"column":26},"end":{"line":47,"column":65}},"33":{"start":{"line":48,"column":8},"end":{"line":51,"column":9}},"34":{"start":{"line":49,"column":12},"end":{"line":49,"column":40}},"35":{"start":{"line":50,"column":12},"end":{"line":50,"column":19}},"36":{"start":{"line":53,"column":21},"end":{"line":53,"column":76}},"37":{"start":{"line":54,"column":8},"end":{"line":57,"column":9}},"38":{"start":{"line":55,"column":12},"end":{"line":55,"column":83}},"39":{"start":{"line":56,"column":12},"end":{"line":56,"column":19}},"40":{"start":{"line":59,"column":22},"end":{"line":59,"column":86}},"41":{"start":{"line":60,"column":8},"end":{"line":63,"column":9}},"42":{"start":{"line":61,"column":12},"end":{"line":61,"column":71}},"43":{"start":{"line":62,"column":12},"end":{"line":62,"column":19}},"44":{"start":{"line":65,"column":26},"end":{"line":65,"column":58}},"45":{"start":{"line":66,"column":24},"end":{"line":66,"column":32}},"46":{"start":{"line":67,"column":22},"end":{"line":67,"column":69}},"47":{"start":{"line":68,"column":8},"end":{"line":68,"column":47}},"48":{"start":{"line":71,"column":0},"end":{"line":71,"column":30}}},"fnMap":{"0":{"name":"(anonymous_0)","decl":{"start":{"line":2,"column":44},"end":{"line":2,"column":45}},"loc":{"start":{"line":2,"column":89},"end":{"line":9,"column":1}},"line":2},"1":{"name":"(anonymous_1)","decl":{"start":{"line":3,"column":36},"end":{"line":3,"column":37}},"loc":{"start":{"line":3,"column":63},"end":{"line":8,"column":5}},"line":3},"2":{"name":"fulfilled","decl":{"start":{"line":4,"column":17},"end":{"line":4,"column":26}},"loc":{"start":{"line":4,"column":34},"end":{"line":4,"column":99}},"line":4},"3":{"name":"rejected","decl":{"start":{"line":5,"column":17},"end":{"line":5,"column":25}},"loc":{"start":{"line":5,"column":33},"end":{"line":5,"column":102}},"line":5},"4":{"name":"step","decl":{"start":{"line":6,"column":17},"end":{"line":6,"column":21}},"loc":{"start":{"line":6,"column":30},"end":{"line":6,"column":151}},"line":6},"5":{"name":"(anonymous_5)","decl":{"start":{"line":6,"column":76},"end":{"line":6,"column":77}},"loc":{"start":{"line":6,"column":95},"end":{"line":6,"column":121}},"line":6},"6":{"name":"(anonymous_6)","decl":{"start":{"line":10,"column":56},"end":{"line":10,"column":57}},"loc":{"start":{"line":10,"column":71},"end":{"line":12,"column":1}},"line":10},"7":{"name":"createUser","decl":{"start":{"line":18,"column":9},"end":{"line":18,"column":19}},"loc":{"start":{"line":18,"column":30},"end":{"line":40,"column":1}},"line":18},"8":{"name":"(anonymous_8)","decl":{"start":{"line":19,"column":43},"end":{"line":19,"column":44}},"loc":{"start":{"line":19,"column":56},"end":{"line":39,"column":5}},"line":19},"9":{"name":"(anonymous_9)","decl":{"start":{"line":33,"column":69},"end":{"line":33,"column":70}},"loc":{"start":{"line":33,"column":76},"end":{"line":36,"column":9}},"line":33},"10":{"name":"logUserIn","decl":{"start":{"line":42,"column":9},"end":{"line":42,"column":18}},"loc":{"start":{"line":42,"column":29},"end":{"line":70,"column":1}},"line":42},"11":{"name":"(anonymous_11)","decl":{"start":{"line":43,"column":43},"end":{"line":43,"column":44}},"loc":{"start":{"line":43,"column":56},"end":{"line":69,"column":5}},"line":43}},"branchMap":{"0":{"loc":{"start":{"line":2,"column":16},"end":{"line":9,"column":1}},"type":"binary-expr","locations":[{"start":{"line":2,"column":17},"end":{"line":2,"column":21}},{"start":{"line":2,"column":25},"end":{"line":2,"column":39}},{"start":{"line":2,"column":44},"end":{"line":9,"column":1}}],"line":2},"1":{"loc":{"start":{"line":3,"column":16},"end":{"line":3,"column":34}},"type":"binary-expr","locations":[{"start":{"line":3,"column":16},"end":{"line":3,"column":17}},{"start":{"line":3,"column":22},"end":{"line":3,"column":33}}],"line":3},"2":{"loc":{"start":{"line":6,"column":32},"end":{"line":6,"column":148}},"type":"cond-expr","locations":[{"start":{"line":6,"column":46},"end":{"line":6,"column":67}},{"start":{"line":6,"column":70},"end":{"line":6,"column":148}}],"line":6},"3":{"loc":{"start":{"line":7,"column":51},"end":{"line":7,"column":67}},"type":"binary-expr","locations":[{"start":{"line":7,"column":51},"end":{"line":7,"column":61}},{"start":{"line":7,"column":65},"end":{"line":7,"column":67}}],"line":7},"4":{"loc":{"start":{"line":10,"column":22},"end":{"line":12,"column":1}},"type":"binary-expr","locations":[{"start":{"line":10,"column":23},"end":{"line":10,"column":27}},{"start":{"line":10,"column":31},"end":{"line":10,"column":51}},{"start":{"line":10,"column":56},"end":{"line":12,"column":1}}],"line":10},"5":{"loc":{"start":{"line":11,"column":11},"end":{"line":11,"column":61}},"type":"cond-expr","locations":[{"start":{"line":11,"column":37},"end":{"line":11,"column":40}},{"start":{"line":11,"column":43},"end":{"line":11,"column":61}}],"line":11},"6":{"loc":{"start":{"line":11,"column":12},"end":{"line":11,"column":33}},"type":"binary-expr","locations":[{"start":{"line":11,"column":12},"end":{"line":11,"column":15}},{"start":{"line":11,"column":19},"end":{"line":11,"column":33}}],"line":11},"7":{"loc":{"start":{"line":24,"column":8},"end":{"line":27,"column":9}},"type":"if","locations":[{"start":{"line":24,"column":8},"end":{"line":27,"column":9}},{"start":{"line":24,"column":8},"end":{"line":27,"column":9}}],"line":24},"8":{"loc":{"start":{"line":48,"column":8},"end":{"line":51,"column":9}},"type":"if","locations":[{"start":{"line":48,"column":8},"end":{"line":51,"column":9}},{"start":{"line":48,"column":8},"end":{"line":51,"column":9}}],"line":48},"9":{"loc":{"start":{"line":54,"column":8},"end":{"line":57,"column":9}},"type":"if","locations":[{"start":{"line":54,"column":8},"end":{"line":57,"column":9}},{"start":{"line":54,"column":8},"end":{"line":57,"column":9}}],"line":54},"10":{"loc":{"start":{"line":60,"column":8},"end":{"line":63,"column":9}},"type":"if","locations":[{"start":{"line":60,"column":8},"end":{"line":63,"column":9}},{"start":{"line":60,"column":8},"end":{"line":63,"column":9}}],"line":60}},"s":{"0":1,"1":0,"2":0,"3":0,"4":0,"5":0,"6":0,"7":0,"8":0,"9":0,"10":0,"11":1,"12":3,"13":1,"14":1,"15":1,"16":1,"17":1,"18":0,"19":0,"20":0,"21":0,"22":0,"23":0,"24":0,"25":0,"26":0,"27":0,"28":0,"29":0,"30":1,"31":0,"32":0,"33":0,"34":0,"35":0,"36":0,"37":0,"38":0,"39":0,"40":0,"41":0,"42":0,"43":0,"44":0,"45":0,"46":0,"47":0,"48":1},"f":{"0":0,"1":0,"2":0,"3":0,"4":0,"5":0,"6":3,"7":0,"8":0,"9":0,"10":0,"11":0},"b":{"0":[1,1,1],"1":[0,0],"2":[0,0],"3":[0,0],"4":[1,1,1],"5":[1,2],"6":[3,3],"7":[0,0],"8":[0,0],"9":[0,0],"10":[0,0]},"_coverageSchema":"43e27e138ebf9cfc5966b082cf9a028302ed4184","hash":"b047752aab6ad929234da817abd31c5908675ce3"}
,"/Users/techkny/Projects/express/premier-league-fixures/compiled/routes/users/router.js": {"path":"/Users/techkny/Projects/express/premier-league-fixures/compiled/routes/users/router.js","statementMap":{"0":{"start":{"line":2,"column":0},"end":{"line":2,"column":62}},"1":{"start":{"line":3,"column":18},"end":{"line":3,"column":36}},"2":{"start":{"line":4,"column":21},"end":{"line":4,"column":44}},"3":{"start":{"line":5,"column":15},"end":{"line":5,"column":33}},"4":{"start":{"line":6,"column":0},"end":{"line":6,"column":42}},"5":{"start":{"line":7,"column":0},"end":{"line":7,"column":46}},"6":{"start":{"line":8,"column":0},"end":{"line":8,"column":25}}},"fnMap":{},"branchMap":{},"s":{"0":1,"1":1,"2":1,"3":1,"4":1,"5":1,"6":1},"f":{},"b":{},"_coverageSchema":"43e27e138ebf9cfc5966b082cf9a028302ed4184","hash":"1a24475a7a0d5c069a2800a915ce0961475356a2"}
,"/Users/techkny/Projects/express/premier-league-fixures/helpers/joi-validator.ts": {"path":"/Users/techkny/Projects/express/premier-league-fixures/helpers/joi-validator.ts","statementMap":{"0":{"start":{"line":1,"column":0},"end":{"line":1,"column":22}},"1":{"start":{"line":5,"column":17},"end":{"line":13,"column":4}},"2":{"start":{"line":14,"column":2},"end":{"line":14,"column":36}},"3":{"start":{"line":50,"column":9},"end":{"line":50,"column":21}},"4":{"start":{"line":17,"column":17},"end":{"line":26,"column":4}},"5":{"start":{"line":27,"column":2},"end":{"line":27,"column":39}},"6":{"start":{"line":50,"column":23},"end":{"line":50,"column":38}},"7":{"start":{"line":31,"column":17},"end":{"line":38,"column":4}},"8":{"start":{"line":39,"column":2},"end":{"line":39,"column":36}},"9":{"start":{"line":50,"column":40},"end":{"line":50,"column":52}},"10":{"start":{"line":43,"column":17},"end":{"line":47,"column":4}},"11":{"start":{"line":48,"column":2},"end":{"line":48,"column":37}},"12":{"start":{"line":50,"column":54},"end":{"line":50,"column":67}}},"fnMap":{"0":{"name":"validateTeam","decl":{"start":{"line":3,"column":9},"end":{"line":3,"column":21}},"loc":{"start":{"line":3,"column":43},"end":{"line":15,"column":1}}},"1":{"name":"validateFixture","decl":{"start":{"line":16,"column":9},"end":{"line":16,"column":24}},"loc":{"start":{"line":16,"column":49},"end":{"line":28,"column":1}}},"2":{"name":"validateUser","decl":{"start":{"line":30,"column":9},"end":{"line":30,"column":21}},"loc":{"start":{"line":30,"column":43},"end":{"line":40,"column":1}}},"3":{"name":"validateLogin","decl":{"start":{"line":42,"column":9},"end":{"line":42,"column":22}},"loc":{"start":{"line":42,"column":45},"end":{"line":49,"column":1}}}},"branchMap":{},"s":{"0":4,"1":5,"2":5,"3":4,"4":8,"5":8,"6":4,"7":4,"8":4,"9":4,"10":5,"11":5,"12":4},"f":{"0":5,"1":8,"2":4,"3":5},"b":{}}
,"/Users/techkny/Projects/express/premier-league-fixures/helpers/team-in-database-validator.ts": {"path":"/Users/techkny/Projects/express/premier-league-fixures/helpers/team-in-database-validator.ts","statementMap":{"0":{"start":{"line":1,"column":0},"end":{"line":1,"column":45}},"1":{"start":{"line":5,"column":19},"end":{"line":8,"column":null}},"2":{"start":{"line":6,"column":4},"end":{"line":8,"column":26}},"3":{"start":{"line":7,"column":20},"end":{"line":7,"column":39}},"4":{"start":{"line":8,"column":20},"end":{"line":8,"column":25}},"5":{"start":{"line":10,"column":24},"end":{"line":10,"column":51}},"6":{"start":{"line":11,"column":2},"end":{"line":11,"column":50}},"7":{"start":{"line":11,"column":36},"end":{"line":11,"column":48}},"8":{"start":{"line":14,"column":0},"end":{"line":14,"column":39}}},"fnMap":{"0":{"name":"teamInDatabaseValidator","decl":{"start":{"line":4,"column":15},"end":{"line":4,"column":38}},"loc":{"start":{"line":4,"column":71},"end":{"line":12,"column":null}}},"1":{"name":"(anonymous_10)","decl":{"start":{"line":5,"column":29},"end":{"line":5,"column":33}},"loc":{"start":{"line":6,"column":4},"end":{"line":8,"column":26}}},"2":{"name":"(anonymous_11)","decl":{"start":{"line":7,"column":12},"end":{"line":7,"column":15}},"loc":{"start":{"line":7,"column":20},"end":{"line":7,"column":39}}},"3":{"name":"(anonymous_12)","decl":{"start":{"line":8,"column":13},"end":{"line":8,"column":16}},"loc":{"start":{"line":8,"column":20},"end":{"line":8,"column":25}}},"4":{"name":"(anonymous_13)","decl":{"start":{"line":11,"column":29},"end":{"line":11,"column":32}},"loc":{"start":{"line":11,"column":36},"end":{"line":11,"column":48}}}},"branchMap":{"0":{"loc":{"start":{"line":7,"column":27},"end":{"line":7,"column":32}},"type":"cond-expr","locations":[{"start":{"line":7,"column":27},"end":{"line":7,"column":32}},{"start":{"line":7,"column":35},"end":{"line":7,"column":39}}]}},"s":{"0":4,"1":2,"2":4,"3":4,"4":0,"5":2,"6":2,"7":4,"8":4},"f":{"0":2,"1":4,"2":4,"3":0,"4":4},"b":{"0":[0,4]}}
[...]
:78}},"3":{"start":{"line":10,"column":20},"end":{"line":10,"column":45}},"4":{"start":{"line":11,"column":2},"end":{"line":14,"column":null}},"5":{"start":{"line":12,"column":4},"end":{"line":12,"column":32}},"6":{"start":{"line":13,"column":4},"end":{"line":13,"column":11}},"7":{"start":{"line":18,"column":23},"end":{"line":18,"column":97}},"8":{"start":{"line":19,"column":2},"end":{"line":22,"column":null}},"9":{"start":{"line":20,"column":4},"end":{"line":20,"column":77}},"10":{"start":{"line":21,"column":4},"end":{"line":21,"column":11}},"11":{"start":{"line":24,"column":18},"end":{"line":29,"column":4}},"12":{"start":{"line":25,"column":4},"end":{"line":28,"column":13}},"13":{"start":{"line":30,"column":2},"end":{"line":30,"column":32}},"14":{"start":{"line":91,"column":9},"end":{"line":91,"column":22}},"15":{"start":{"line":34,"column":18},"end":{"line":39,"column":4}},"16":{"start":{"line":35,"column":4},"end":{"line":38,"column":13}},"17":{"start":{"line":40,"column":2},"end":{"line":40,"column":20}},"18":{"start":{"line":42,"column":2},"end":{"line":42,"column":9}},"19":{"start":{"line":91,"column":24},"end":{"line":91,"column":36}},"20":{"start":{"line":47,"column":20},"end":{"line":47,"column":45}},"21":{"start":{"line":48,"column":2},"end":{"line":51,"column":null}},"22":{"start":{"line":49,"column":4},"end":{"line":49,"column":32}},"23":{"start":{"line":50,"column":4},"end":{"line":50,"column":11}},"24":{"start":{"line":54,"column":16},"end":{"line":54,"column":53}},"25":{"start":{"line":56,"column":2},"end":{"line":59,"column":null}},"26":{"start":{"line":57,"column":4},"end":{"line":57,"column":62}},"27":{"start":{"line":58,"column":4},"end":{"line":58,"column":11}},"28":{"start":{"line":61,"column":2},"end":{"line":61,"column":39}},"29":{"start":{"line":62,"column":2},"end":{"line":62,"column":39}},"30":{"start":{"line":63,"column":2},"end":{"line":63,"column":41}},"31":{"start":{"line":64,"column":2},"end":{"line":64,"column":41}},"32":{"start":{"line":65,"column":2},"end":{"line":65,"column":37}},"33":{"start":{"line":66,"column":2},"end":{"line":66,"column":41}},"34":{"start":{"line":67,"column":2},"end":{"line":67,"column":37}},"35":{"start":{"line":68,"column":2},"end":{"line":68,"column":31}},"36":{"start":{"line":71,"column":24},"end":{"line":76,"column":4}},"37":{"start":{"line":72,"column":4},"end":{"line":75,"column":13}},"38":{"start":{"line":77,"column":2},"end":{"line":77,"column":38}},"39":{"start":{"line":91,"column":38},"end":{"line":91,"column":49}},"40":{"start":{"line":81,"column":18},"end":{"line":84,"column":4}},"41":{"start":{"line":82,"column":4},"end":{"line":82,"column":26}},"42":{"start":{"line":83,"column":4},"end":{"line":83,"column":15}},"43":{"start":{"line":85,"column":2},"end":{"line":88,"column":null}},"44":{"start":{"line":86,"column":4},"end":{"line":86,"column":62}},"45":{"start":{"line":87,"column":4},"end":{"line":87,"column":11}},"46":{"start":{"line":89,"column":2},"end":{"line":89,"column":32}},"47":{"start":{"line":91,"column":51},"end":{"line":91,"column":64}}},"fnMap":{"0":{"name":"createFixture","decl":{"start":{"line":6,"column":15},"end":{"line":6,"column":28}},"loc":{"start":{"line":6,"column":72},"end":{"line":31,"column":null}}},"1":{"name":"(anonymous_10)","decl":{"start":{"line":24,"column":59},"end":{"line":24,"column":62}},"loc":{"start":{"line":24,"column":65},"end":{"line":29,"column":3}}},"2":{"name":"viewFixtures","decl":{"start":{"line":33,"column":15},"end":{"line":33,"column":27}},"loc":{"start":{"line":33,"column":71},"end":{"line":43,"column":null}}},"3":{"name":"(anonymous_13)","decl":{"start":{"line":34,"column":47},"end":{"line":34,"column":50}},"loc":{"start":{"line":34,"column":53},"end":{"line":39,"column":3}}},"4":{"name":"editFixture","decl":{"start":{"line":45,"column":15},"end":{"line":45,"column":26}},"loc":{"start":{"line":45,"column":70},"end":{"line":78,"column":null}}},"5":{"name":"(anonymous_16)","decl":{"start":{"line":71,"column":51},"end":{"line":71,"column":54}},"loc":{"start":{"line":71,"column":57},"end":{"line":76,"column":3}}},"6":{"name":"deleteFixture","decl":{"start":{"line":80,"column":15},"end":{"line":80,"column":28}},"loc":{"start":{"line":80,"column":72},"end":{"line":90,"column":null}}},"7":{"name":"(anonymous_19)","decl":{"start":{"line":81,"column":71},"end":{"line":81,"column":74}},"loc":{"start":{"line":81,"column":77},"end":{"line":84,"column":3}}}},"branchMap":{"0":{"loc":{"start":{"line":11,"column":2},"end":{"line":14,"column":null}},"type":"if","locations":[{"start":{"line":11,"column":2},"end":{"line":14,"column":null}},{"start":{"line":11,"column":2},"end":{"line":14,"column":null}}]},"1":{"loc":{"start":{"line":19,"column":2},"end":{"line":22,"column":null}},"type":"if","locations":[{"start":{"line":19,"column":2},"end":{"line":22,"column":null}},{"start":{"line":19,"column":2},"end":{"line":22,"column":null}}]},"2":{"loc":{"start":{"line":48,"column":2},"end":{"line":51,"column":null}},"type":"if","locations":[{"start":{"line":48,"column":2},"end":{"line":51,"column":null}},{"start":{"line":48,"column":2},"end":{"line":51,"column":null}}]},"3":{"loc":{"start":{"line":56,"column":2},"end":{"line":59,"column":null}},"type":"if","locations":[{"start":{"line":56,"column":2},"end":{"line":59,"column":null}},{"start":{"line":56,"column":2},"end":{"line":59,"column":null}}]},"4":{"loc":{"start":{"line":85,"column":2},"end":{"line":88,"column":null}},"type":"if","locations":[{"start":{"line":85,"column":2},"end":{"line":88,"column":null}},{"start":{"line":85,"column":2},"end":{"line":88,"column":null}}]}},"s":{"0":4,"1":4,"2":4,"3":5,"4":5,"5":3,"6":3,"7":2,"8":2,"9":0,"10":0,"11":2,"12":1,"13":2,"14":4,"15":2,"16":0,"17":2,"18":2,"19":4,"20":3,"21":3,"22":1,"23":1,"24":2,"25":2,"26":0,"27":0,"28":2,"29":2,"30":2,"31":2,"32":2,"33":2,"34":2,"35":2,"36":2,"37":1,"38":2,"39":4,"40":2,"41":0,"42":0,"43":2,"44":0,"45":0,"46":2,"47":4},"f":{"0":5,"1":1,"2":2,"3":0,"4":3,"5":1,"6":2,"7":0},"b":{"0":[3,2],"1":[0,2],"2":[1,2],"3":[0,2],"4":[0,2]}}
,"/Users/techkny/Projects/express/premier-league-fixures/routes/fixtures/router.ts": {"path":"/Users/techkny/Projects/express/premier-league-fixures/routes/fixtures/router.ts","statementMap":{"0":{"start":{"line":1,"column":0},"end":{"line":1,"column":33}},"1":{"start":{"line":2,"column":0},"end":{"line":2,"column":87}},"2":{"start":{"line":3,"column":15},"end":{"line":3,"column":23}},"3":{"start":{"line":5,"column":0},"end":{"line":5,"column":32}},"4":{"start":{"line":6,"column":0},"end":{"line":6,"column":30}},"5":{"start":{"line":7,"column":0},"end":{"line":7,"column":32}},"6":{"start":{"line":8,"column":0},"end":{"line":8,"column":37}},"7":{"start":{"line":10,"column":0},"end":{"line":10,"column":22}}},"fnMap":{},"branchMap":{},"s":{"0":4,"1":4,"2":4,"3":4,"4":4,"5":4,"6":4,"7":4},"f":{},"b":{}}
,"/Users/techkny/Projects/express/premier-league-fixures/routes/teams/controller.ts": {"path":"/Users/techkny/Projects/express/premier-league-fixures/routes/teams/controller.ts","statementMap":{"0":{"start":{"line":2,"column":0},"end":{"line":2,"column":37}},"1":{"start":{"line":3,"column":0},"end":{"line":3,"column":59}},"2":{"start":{"line":7,"column":20},"end":{"line":7,"column":42}},"3":{"start":{"line":8,"column":2},"end":{"line":11,"column":null}},"4":{"start":{"line":9,"column":4},"end":{"line":9,"column":32}},"5":{"start":{"line":10,"column":4},"end":{"line":10,"column":11}},"6":{"start":{"line":12,"column":15},"end":{"line":15,"column":4}},"7":{"start":{"line":13,"column":4},"end":{"line":13,"column":38}},"8":{"start":{"line":14,"column":4},"end":{"line":14,"column":11}},"9":{"start":{"line":16,"column":2},"end":{"line":16,"column":29}},"10":{"start":{"line":17,"column":2},"end":{"line":17,"column":12}},"11":{"start":{"line":66,"column":9},"end":{"line":66,"column":19}},"12":{"start":{"line":20,"column":16},"end":{"line":22,"column":4}},"13":{"start":{"line":21,"column":4},"end":{"line":21,"column":30}},"14":{"start":{"line":23,"column":2},"end":{"line":23,"column":18}},"15":{"start":{"line":25,"column":2},"end":{"line":25,"column":9}},"16":{"start":{"line":66,"column":21},"end":{"line":66,"column":29}},"17":{"start":{"line":29,"column":20},"end":{"line":29,"column":42}},"18":{"start":{"line":30,"column":2},"end":{"line":33,"column":null}},"19":{"start":{"line":31,"column":4},"end":{"line":31,"column":32}},"20":{"start":{"line":32,"column":4},"end":{"line":32,"column":11}},"21":{"start":{"line":36,"column":13},"end":{"line":36,"column":47}},"22":{"start":{"line":38,"column":2},"end":{"line":41,"column":null}},"23":{"start":{"line":39,"column":4},"end":{"line":39,"column":59}},"24":{"start":{"line":40,"column":4},"end":{"line":40,"column":11}},"25":{"start":{"line":43,"column":2},"end":{"line":43,"column":41}},"26":{"start":{"line":44,"column":2},"end":{"line":44,"column":50}},"27":{"start":{"line":45,"column":2},"end":{"line":45,"column":47}},"28":{"start":{"line":46,"column":2},"end":{"line":46,"column":53}},"29":{"start":{"line":47,"column":2},"end":{"line":47,"column":44}},"30":{"start":{"line":48,"column":2},"end":{"line":48,"column":62}},"31":{"start":{"line":49,"column":2},"end":{"line":49,"column":56}},"32":{"start":{"line":52,"column":21},"end":{"line":52,"column":38}},"33":{"start":{"line":53,"column":2},"end":{"line":53,"column":35}},"34":{"start":{"line":66,"column":31},"end":{"line":66,"column":39}},"35":{"start":{"line":56,"column":18},"end":{"line":59,"column":4}},"36":{"start":{"line":57,"column":4},"end":{"line":57,"column":26}},"37":{"start":{"line":58,"column":4},"end":{"line":58,"column":15}},"38":{"start":{"line":60,"column":2},"end":{"line":63,"column":null}},"39":{"start":{"line":61,"column":4},"end":{"line":61,"column":59}},"40":{"start":{"line":62,"column":4},"end":{"line":62,"column":11}},"41":{"start":{"line":64,"column":2},"end":{"line":64,"column":32}},"42":{"start":{"line":66,"column":41},"end":{"line":66,"column":51}}},"fnMap":{"0":{"name":"createTeam","decl":{"start":{"line":5,"column":15},"end":{"line":5,"column":25}},"loc":{"start":{"line":5,"column":69},"end":{"line":18,"column":null}}},"1":{"name":"(anonymous_10)","decl":{"start":{"line":12,"column":53},"end":{"line":12,"column":56}},"loc":{"start":{"line":12,"column":59},"end":{"line":15,"column":3}}},"2":{"name":"viewTeam","decl":{"start":{"line":19,"column":15},"end":{"line":19,"column":23}},"loc":{"start":{"line":19,"column":67},"end":{"line":26,"column":null}}},"3":{"name":"(anonymous_13)","decl":{"start":{"line":20,"column":42},"end":{"line":20,"column":45}},"loc":{"start":{"line":20,"column":48},"end":{"line":22,"column":3}}},"4":{"name":"editTeam","decl":{"start":{"line":27,"column":15},"end":{"line":27,"column":23}},"loc":{"start":{"line":27,"column":67},"end":{"line":54,"column":null}}},"5":{"name":"deleteTeam","decl":{"start":{"line":55,"column":15},"end":{"line":55,"column":25}},"loc":{"start":{"line":55,"column":69},"end":{"line":65,"column":null}}},"6":{"name":"(anonymous_18)","decl":{"start":{"line":56,"column":68},"end":{"line":56,"column":71}},"loc":{"start":{"line":56,"column":74},"end":{"line":59,"column":3}}}},"branchMap":{"0":{"loc":{"start":{"line":8,"column":2},"end":{"line":11,"column":null}},"type":"if","locations":[{"start":{"line":8,"column":2},"end":{"line":11,"column":null}},{"start":{"line":8,"column":2},"end":{"line":11,"column":null}}]},"1":{"loc":{"start":{"line":30,"column":2},"end":{"line":33,"column":null}},"type":"if","locations":[{"start":{"line":30,"column":2},"end":{"line":33,"column":null}},{"start":{"line":30,"column":2},"end":{"line":33,"column":null}}]},"2":{"loc":{"start":{"line":38,"column":2},"end":{"line":41,"column":null}},"type":"if","locations":[{"start":{"line":38,"column":2},"end":{"line":41,"column":null}},{"start":{"line":38,"column":2},"end":{"line":41,"column":null}}]},"3":{"loc":{"start":{"line":43,"column":14},"end":{"line":43,"column":27}},"type":"binary-expr","locations":[{"start":{"line":43,"column":14},"end":{"line":43,"column":27}},{"start":{"line":43,"column":31},"end":{"line":43,"column":40}}]},"4":{"loc":{"start":{"line":44,"column":17},"end":{"line":44,"column":33}},"type":"binary-expr","locations":[{"start":{"line":44,"column":17},"end":{"line":44,"column":33}},{"start":{"line":44,"column":37},"end":{"line":44,"column":49}}]},"5":{"loc":{"start":{"line":45,"column":16},"end":{"line":45,"column":31}},"type":"binary-expr","locations":[{"start":{"line":45,"column":16},"end":{"line":45,"column":31}},{"start":{"line":45,"column":35},"end":{"line":45,"column":46}}]},"6":{"loc":{"start":{"line":46,"column":18},"end":{"line":46,"column":35}},"type":"binary-expr","locations":[{"start":{"line":46,"column":18},"end":{"line":46,"column":35}},{"start":{"line":46,"column":39},"end":{"line":46,"column":52}}]},"7":{"loc":{"start":{"line":47,"column":15},"end":{"line":47,"column":29}},"type":"binary-expr","locations":[{"start":{"line":47,"column":15},"end":{"line":47,"column":29}},{"start":{"line":47,"column":33},"end":{"line":47,"column":43}}]},"8":{"loc":{"start":{"line":48,"column":21},"end":{"line":48,"column":41}},"type":"binary-expr","locations":[{"start":{"line":48,"column":21},"end":{"line":48,"column":41}},{"start":{"line":48,"column":45},"end":{"line":48,"column":61}}]},"9":{"loc":{"start":{"line":49,"column":19},"end":{"line":49,"column":37}},"type":"binary-expr","locations":[{"start":{"line":49,"column":19},"end":{"line":49,"column":37}},{"start":{"line":49,"column":41},"end":{"line":49,"column":55}}]},"10":{"loc":{"start":{"line":60,"column":2},"end":{"line":63,"column":null}},"type":"if","locations":[{"start":{"line":60,"column":2},"end":{"line":63,"column":null}},{"start":{"line":60,"column":2},"end":{"line":63,"column":null}}]}},"s":{"0":4,"1":4,"2":3,"3":3,"4":2,"5":2,"6":1,"7":0,"8":0,"9":1,"10":1,"11":4,"12":2,"13":0,"14":2,"15":2,"16":4,"17":2,"18":2,"19":1,"20":1,"21":1,"22":1,"23":0,"24":0,"25":1,"26":1,"27":1,"28":1,"29":1,"30":1,"31":1,"32":1,"33":1,"34":4,"35":2,"36":0,"37":0,"38":2,"39":0,"40":0,"41":2,"42":4},"f":{"0":3,"1":0,"2":2,"3":0,"4":2,"5":2,"6":0},"b":{"0":[2,1],"1":[1,1],"2":[0,1],"3":[1,0],"4":[1,0],"5":[1,0],"6":[1,0],"7":[1,1],"8":[1,1],"9":[1,1],"10":[0,2]}}
,"/Users/techkny/Projects/express/premier-league-fixures/routes/teams/router.ts": {"path":"/Users/techkny/Projects/express/premier-league-fixures/routes/teams/router.ts","statementMap":{"0":{"start":{"line":1,"column":0},"end":{"line":1,"column":33}},"1":{"start":{"line":2,"column":0},"end":{"line":2,"column":74}},"2":{"start":{"line":3,"column":0},"end":{"line":3,"column":77}},"3":{"start":{"line":4,"column":15},"end":{"line":4,"column":23}},"4":{"start":{"line":6,"column":0},"end":{"line":6,"column":50}},"5":{"start":{"line":7,"column":0},"end":{"line":7,"column":26}},"6":{"start":{"line":8,"column":0},"end":{"line":8,"column":50}},"7":{"start":{"line":9,"column":0},"end":{"line":9,"column":55}},"8":{"start":{"line":11,"column":0},"end":{"line":11,"column":22}}},"fnMap":{},"branchMap":{},"s":{"0":4,"1":4,"2":4,"3":4,"4":4,"5":4,"6":4,"7":4,"8":4},"f":{},"b":{}}
,"/Users/techkny/Projects/express/premier-league-fixures/routes/users/controller.ts": {"path":"/Users/techkny/Projects/express/premier-league-fixures/routes/users/controller.ts","statementMap":{"0":{"start":{"line":2,"column":0},"end":{"line":2,"column":48}},"1":{"start":{"line":3,"column":0},"end":{"line":3,"column":74}},"2":{"start":{"line":4,"column":0},"end":{"line":4,"column":31}},"3":{"start":{"line":5,"column":0},"end":{"line":5,"column":28}},"4":{"start":{"line":10,"column":20},"end":{"line":10,"column":42}},"5":{"start":{"line":11,"column":2},"end":{"line":14,"column":null}},"6":{"start":{"line":12,"column":4},"end":{"line":12,"column":32}},"7":{"start":{"line":13,"column":4},"end":{"line":13,"column":11}},"8":{"start":{"line":17,"column":21},"end":{"line":17,"column":59}},"9":{"start":{"line":18,"column":25},"end":{"line":18,"column":73}},"10":{"start":{"line":19,"column":2},"end":{"line":19,"column":37}},"11":{"start":{"line":21,"column":15},"end":{"line":24,"column":4}},"12":{"start":{"line":22,"column":4},"end":{"line":22,"column":38}},"13":{"start":{"line":23,"column":4},"end":{"line":23,"column":11}},"14":{"start":{"line":26,"column":2},"end":{"line":26,"column":29}},"15":{"start":{"line":58,"column":9},"end":{"line":58,"column":19}},"16":{"start":{"line":33,"column":20},"end":{"line":33,"column":43}},"17":{"start":{"line":34,"column":2},"end":{"line":37,"column":null}},"18":{"start":{"line":35,"column":4},"end":{"line":35,"column":32}},"19":{"start":{"line":36,"column":4},"end":{"line":36,"column":11}},"20":{"start":{"line":39,"column":15},"end":{"line":39,"column":60}},"21":{"start":{"line":40,"column":2},"end":{"line":43,"column":null}},"22":{"start":{"line":41,"column":4},"end":{"line":41,"column":75}},"23":{"start":{"line":42,"column":4},"end":{"line":42,"column":11}},"24":{"start":{"line":46,"column":16},"end":{"line":46,"column":70}},"25":{"start":{"line":47,"column":2},"end":{"line":50,"column":null}},"26":{"start":{"line":48,"column":4},"end":{"line":48,"column":63}},"27":{"start":{"line":49,"column":4},"end":{"line":49,"column":11}},"28":{"start":{"line":53,"column":20},"end":{"line":53,"column":52}},"29":{"start":{"line":54,"column":18},"end":{"line":54,"column":26}},"30":{"start":{"line":55,"column":16},"end":{"line":55,"column":44}},"31":{"start":{"line":56,"column":2},"end":{"line":56,"column":41}},"32":{"start":{"line":58,"column":21},"end":{"line":58,"column":30}}},"fnMap":{"0":{"name":"createUser","decl":{"start":{"line":6,"column":15},"end":{"line":6,"column":25}},"loc":{"start":{"line":6,"column":69},"end":{"line":27,"column":null}}},"1":{"name":"(anonymous_10)","decl":{"start":{"line":21,"column":53},"end":{"line":21,"column":56}},"loc":{"start":{"line":21,"column":59},"end":{"line":24,"column":3}}},"2":{"name":"logUserIn","decl":{"start":{"line":29,"column":15},"end":{"line":29,"column":24}},"loc":{"start":{"line":29,"column":68},"end":{"line":57,"column":null}}}},"branchMap":{"0":{"loc":{"start":{"line":11,"column":2},"end":{"line":14,"column":null}},"type":"if","locations":[{"start":{"line":11,"column":2},"end":{"line":14,"column":null}},{"start":{"line":11,"column":2},"end":{"line":14,"column":null}}]},"1":{"loc":{"start":{"line":34,"column":2},"end":{"line":37,"column":null}},"type":"if","locations":[{"start":{"line":34,"column":2},"end":{"line":37,"column":null}},{"start":{"line":34,"column":2},"end":{"line":37,"column":null}}]},"2":{"loc":{"start":{"line":40,"column":2},"end":{"line":43,"column":null}},"type":"if","locations":[{"start":{"line":40,"column":2},"end":{"line":43,"column":null}},{"start":{"line":40,"column":2},"end":{"line":43,"column":null}}]},"3":{"loc":{"start":{"line":47,"column":2},"end":{"line":50,"column":null}},"type":"if","locations":[{"start":{"line":47,"column":2},"end":{"line":50,"column":null}},{"start":{"line":47,"column":2},"end":{"line":50,"column":null}}]}},"s":{"0":4,"1":4,"2":4,"3":4,"4":4,"5":4,"6":2,"7":2,"8":2,"9":2,"10":2,"11":2,"12":1,"13":1,"14":2,"15":4,"16":5,"17":5,"18":2,"19":2,"20":3,"21":3,"22":1,"23":1,"24":2,"25":2,"26":1,"27":1,"28":1,"29":1,"30":1,"31":1,"32":4},"f":{"0":4,"1":1,"2":5},"b":{"0":[2,2],"1":[2,3],"2":[1,2],"3":[1,1]}}
,"/Users/techkny/Projects/express/premier-league-fixures/routes/users/router.ts": {"path":"/Users/techkny/Projects/express/premier-league-fixures/routes/users/router.ts","statementMap":{"0":{"start":{"line":1,"column":0},"end":{"line":1,"column":33}},"1":{"start":{"line":2,"column":0},"end":{"line":2,"column":53}},"2":{"start":{"line":4,"column":15},"end":{"line":4,"column":23}},"3":{"start":{"line":6,"column":0},"end":{"line":6,"column":29}},"4":{"start":{"line":7,"column":0},"end":{"line":7,"column":33}},"5":{"start":{"line":9,"column":0},"end":{"line":9,"column":22}}},"fnMap":{},"branchMap":{},"s":{"0":4,"1":4,"2":4,"3":4,"4":4,"5":4},"f":{},"b":{}}
}
