TN:
SF:/Users/techkny/Projects/express/premier-league-fixures/app.ts
FN:42,(anonymous_1)
FN:43,(anonymous_2)
FN:51,(anonymous_3)
FN:56,(anonymous_4)
FNF:4
FNH:2
FNDA:3,(anonymous_1)
FNDA:0,(anonymous_2)
FNDA:0,(anonymous_3)
FNDA:3,(anonymous_4)
DA:1,4
DA:2,4
DA:3,4
DA:4,4
DA:5,4
DA:6,4
DA:7,4
DA:8,4
DA:10,4
DA:11,4
DA:13,4
DA:16,4
DA:17,4
DA:19,4
DA:20,4
DA:21,4
DA:22,4
DA:23,4
DA:25,4
DA:27,4
DA:29,4
DA:33,4
DA:35,4
DA:36,4
DA:41,4
DA:42,4
DA:43,4
DA:44,0
DA:47,4
DA:48,4
DA:51,4
DA:52,0
DA:56,4
DA:58,3
DA:59,3
DA:62,3
DA:63,3
DA:66,4
DA:67,4
LF:39
LH:37
BRDA:27,0,0,4
BRDA:27,0,1,0
BRDA:59,1,0,0
BRDA:59,1,1,3
BRDA:62,2,0,3
BRDA:62,2,1,3
BRF:6
BRH:4
end_of_record
TN:
SF:/Users/techkny/Projects/express/premier-league-fixures/compiled/app.js
FN:2,(anonymous_0)
FN:37,(anonymous_1)
FN:38,(anonymous_2)
FN:44,(anonymous_3)
FN:48,(anonymous_4)
FNF:5
FNH:1
FNDA:9,(anonymous_0)
FNDA:0,(anonymous_1)
FNDA:0,(anonymous_2)
FNDA:0,(anonymous_3)
FNDA:0,(anonymous_4)
DA:2,1
DA:3,9
DA:5,1
DA:6,1
DA:7,1
DA:8,1
DA:9,1
DA:10,1
DA:11,1
DA:12,1
DA:13,1
DA:14,1
DA:15,1
DA:16,1
DA:18,1
DA:19,1
DA:20,1
DA:21,1
DA:22,1
DA:23,1
DA:24,1
DA:25,1
DA:26,1
DA:27,1
DA:29,1
DA:30,1
DA:31,1
DA:36,1
DA:37,1
DA:38,1
DA:39,0
DA:41,1
DA:42,1
DA:44,1
DA:45,0
DA:48,1
DA:50,0
DA:51,0
DA:53,0
DA:54,0
DA:56,1
DA:57,1
LF:42
LH:36
BRDA:2,0,0,1
BRDA:2,0,1,1
BRDA:2,0,2,1
BRDA:3,1,0,2
BRDA:3,1,1,7
BRDA:3,2,0,9
BRDA:3,2,1,9
BRDA:26,3,0,1
BRDA:26,3,1,0
BRDA:51,4,0,0
BRDA:51,4,1,0
BRDA:53,5,0,0
BRDA:53,5,1,0
BRF:13
BRH:8
end_of_record
TN:
SF:/Users/techkny/Projects/express/premier-league-fixures/compiled/helpers/joi-validator.js
FN:2,(anonymous_0)
FN:7,validateTeam
FN:21,validateFixture
FN:35,validateUser
FN:47,validateLogin
FNF:5
FNH:1
FNDA:1,(anonymous_0)
FNDA:0,validateTeam
FNDA:0,validateFixture
FNDA:0,validateUser
FNDA:0,validateLogin
DA:2,1
DA:3,1
DA:5,1
DA:6,1
DA:9,0
DA:18,0
DA:20,1
DA:22,0
DA:32,0
DA:34,1
DA:36,0
DA:44,0
DA:46,1
DA:48,0
DA:53,0
DA:55,1
LF:16
LH:8
BRDA:2,0,0,1
BRDA:2,0,1,1
BRDA:2,0,2,1
BRDA:3,1,0,0
BRDA:3,1,1,1
BRDA:3,2,0,1
BRDA:3,2,1,1
BRF:7
BRH:6
end_of_record
TN:
SF:/Users/techkny/Projects/express/premier-league-fixures/compiled/helpers/team-in-database-validator.js
FN:2,(anonymous_0)
FN:3,(anonymous_1)
FN:4,fulfilled
FN:5,rejected
FN:6,step
FN:6,(anonymous_5)
FN:10,(anonymous_6)
FN:15,teamInDatabaseValidator
FN:16,(anonymous_8)
FN:17,(anonymous_9)
FN:18,(anonymous_10)
FN:19,(anonymous_11)
FN:21,(anonymous_12)
FNF:13
FNH:1
FNDA:0,(anonymous_0)
FNDA:0,(anonymous_1)
FNDA:0,fulfilled
FNDA:0,rejected
FNDA:0,step
FNDA:0,(anonymous_5)
FNDA:1,(anonymous_6)
FNDA:0,teamInDatabaseValidator
FNDA:0,(anonymous_8)
FNDA:0,(anonymous_9)
FNDA:0,(anonymous_10)
FNDA:0,(anonymous_11)
FNDA:0,(anonymous_12)
DA:2,1
DA:3,0
DA:4,0
DA:5,0
DA:6,0
DA:7,0
DA:10,1
DA:11,1
DA:13,1
DA:14,1
DA:16,0
DA:17,0
DA:18,0
DA:19,0
DA:20,0
DA:21,0
DA:24,1
LF:17
LH:6
BRDA:2,0,0,1
BRDA:2,0,1,1
BRDA:2,0,2,1
BRDA:3,1,0,0
BRDA:3,1,1,0
BRDA:6,2,0,0
BRDA:6,2,1,0
BRDA:7,3,0,0
BRDA:7,3,1,0
BRDA:10,4,0,1
BRDA:10,4,1,1
BRDA:10,4,2,1
BRDA:11,5,0,1
BRDA:11,5,1,0
BRDA:11,6,0,1
BRDA:11,6,1,1
BRDA:18,7,0,0
BRDA:18,7,1,0
BRF:18
BRH:9
end_of_record
TN:
SF:/Users/techkny/Projects/express/premier-league-fixures/compiled/middlewares/routesTokenValidator.js
FN:2,(anonymous_0)
FN:7,validateAdminRoutes
FN:28,validateUserRoutes
FNF:3
FNH:1
FNDA:1,(anonymous_0)
FNDA:0,validateAdminRoutes
FNDA:0,validateUserRoutes
DA:2,1
DA:3,1
DA:5,1
DA:6,1
DA:8,0
DA:9,0
DA:10,0
DA:11,0
DA:13,0
DA:14,0
DA:15,0
DA:16,0
DA:17,0
DA:18,0
DA:19,0
DA:21,0
DA:24,0
DA:27,1
DA:29,0
DA:30,0
DA:31,0
DA:32,0
DA:34,0
DA:35,0
DA:36,0
DA:37,0
DA:38,0
DA:39,0
DA:40,0
DA:42,0
DA:45,0
DA:48,1
LF:32
LH:6
BRDA:2,0,0,1
BRDA:2,0,1,1
BRDA:2,0,2,1
BRDA:3,1,0,0
BRDA:3,1,1,1
BRDA:3,2,0,1
BRDA:3,2,1,1
BRDA:10,3,0,0
BRDA:10,3,1,0
BRDA:17,4,0,0
BRDA:17,4,1,0
BRDA:31,5,0,0
BRDA:31,5,1,0
BRDA:38,6,0,0
BRDA:38,6,1,0
BRDA:38,7,0,0
BRDA:38,7,1,0
BRF:17
BRH:6
end_of_record
TN:
SF:/Users/techkny/Projects/express/premier-league-fixures/compiled/models/fixture.js
FN:2,(anonymous_0)
FNF:1
FNH:1
FNDA:1,(anonymous_0)
DA:2,1
DA:3,1
DA:4,1
DA:5,46
DA:6,1
DA:7,1
DA:9,1
DA:10,1
DA:11,1
DA:50,1
LF:10
LH:10
BRDA:2,0,0,1
BRDA:2,0,1,1
BRDA:2,0,2,1
BRDA:3,1,0,0
BRDA:3,1,1,1
BRDA:3,2,0,1
BRDA:3,2,1,1
BRDA:5,3,0,1
BRDA:5,3,1,0
BRDA:5,4,0,8
BRDA:5,4,1,38
BRF:11
BRH:9
end_of_record
TN:
SF:/Users/techkny/Projects/express/premier-league-fixures/compiled/models/team.js
FN:2,(anonymous_0)
FNF:1
FNH:1
FNDA:1,(anonymous_0)
DA:2,1
DA:3,1
DA:4,1
DA:5,46
DA:6,1
DA:7,1
DA:9,1
DA:10,1
DA:11,1
DA:40,1
LF:10
LH:10
BRDA:2,0,0,1
BRDA:2,0,1,1
BRDA:2,0,2,1
BRDA:3,1,0,0
BRDA:3,1,1,1
BRDA:3,2,0,1
BRDA:3,2,1,1
BRDA:5,3,0,1
BRDA:5,3,1,0
BRDA:5,4,0,8
BRDA:5,4,1,38
BRF:11
BRH:9
end_of_record
TN:
SF:/Users/techkny/Projects/express/premier-league-fixures/compiled/models/user.js
FN:2,(anonymous_0)
FNF:1
FNH:1
FNDA:1,(anonymous_0)
DA:2,1
DA:3,1
DA:4,1
DA:5,46
DA:6,1
DA:7,1
DA:9,1
DA:10,1
DA:11,1
DA:43,1
LF:10
LH:10
BRDA:2,0,0,1
BRDA:2,0,1,1
BRDA:2,0,2,1
BRDA:3,1,0,0
BRDA:3,1,1,1
BRDA:3,2,0,1
BRDA:3,2,1,1
BRDA:5,3,0,1
BRDA:5,3,1,0
BRDA:5,4,0,8
BRDA:5,4,1,38
BRF:11
BRH:9
end_of_record
TN:
SF:/Users/techkny/Projects/express/premier-league-fixures/compiled/routes/apiRouter.js
FN:2,(anonymous_0)
FN:12,(anonymous_1)
FNF:2
FNH:2
FNDA:4,(anonymous_0)
FNDA:1,(anonymous_1)
DA:2,1
DA:3,4
DA:5,1
DA:6,1
DA:7,1
DA:8,1
DA:9,1
DA:10,1
DA:12,1
DA:13,1
DA:15,1
DA:16,1
DA:17,1
DA:18,1
LF:14
LH:14
BRDA:2,0,0,1
BRDA:2,0,1,1
BRDA:2,0,2,1
BRDA:3,1,0,3
BRDA:3,1,1,1
BRDA:3,2,0,4
BRDA:3,2,1,4
BRF:7
BRH:7
end_of_record
TN:
SF:/Users/techkny/Projects/express/premier-league-fixures/compiled/routes/users.js
FN:2,(anonymous_0)
FN:9,(anonymous_1)
FNF:2
FNH:1
FNDA:1,(anonymous_0)
FNDA:0,(anonymous_1)
DA:2,1
DA:3,1
DA:5,1
DA:6,1
DA:7,1
DA:9,1
DA:10,0
DA:12,1
LF:8
LH:7
BRDA:2,0,0,1
BRDA:2,0,1,1
BRDA:2,0,2,1
BRDA:3,1,0,0
BRDA:3,1,1,1
BRDA:3,2,0,1
BRDA:3,2,1,1
BRF:7
BRH:6
end_of_record
TN:
SF:/Users/techkny/Projects/express/premier-league-fixures/compiled/routes/fixtures/controller.js
FN:2,(anonymous_0)
FN:3,(anonymous_1)
FN:4,fulfilled
FN:5,rejected
FN:6,step
FN:6,(anonymous_5)
FN:10,(anonymous_6)
FN:17,createFixture
FN:18,(anonymous_8)
FN:36,(anonymous_9)
FN:46,viewFixtures
FN:47,(anonymous_11)
FN:48,(anonymous_12)
FN:59,editFixture
FN:60,(anonymous_14)
FN:84,(anonymous_15)
FN:94,deleteFixture
FN:95,(anonymous_17)
FN:96,(anonymous_18)
FNF:19
FNH:1
FNDA:0,(anonymous_0)
FNDA:0,(anonymous_1)
FNDA:0,fulfilled
FNDA:0,rejected
FNDA:0,step
FNDA:0,(anonymous_5)
FNDA:2,(anonymous_6)
FNDA:0,createFixture
FNDA:0,(anonymous_8)
FNDA:0,(anonymous_9)
FNDA:0,viewFixtures
FNDA:0,(anonymous_11)
FNDA:0,(anonymous_12)
FNDA:0,editFixture
FNDA:0,(anonymous_14)
FNDA:0,(anonymous_15)
FNDA:0,deleteFixture
FNDA:0,(anonymous_17)
FNDA:0,(anonymous_18)
DA:2,1
DA:3,0
DA:4,0
DA:5,0
DA:6,0
DA:7,0
DA:10,1
DA:11,2
DA:13,1
DA:14,1
DA:15,1
DA:16,1
DA:18,0
DA:22,0
DA:23,0
DA:24,0
DA:25,0
DA:30,0
DA:31,0
DA:32,0
DA:33,0
DA:36,0
DA:37,0
DA:42,0
DA:45,1
DA:47,0
DA:48,0
DA:49,0
DA:54,0
DA:55,0
DA:58,1
DA:60,0
DA:62,0
DA:63,0
DA:64,0
DA:65,0
DA:68,0
DA:70,0
DA:71,0
DA:72,0
DA:75,0
DA:76,0
DA:77,0
DA:78,0
DA:79,0
DA:80,0
DA:81,0
DA:82,0
DA:84,0
DA:85,0
DA:90,0
DA:93,1
DA:95,0
DA:96,0
DA:97,0
DA:98,0
DA:100,0
DA:101,0
DA:102,0
DA:104,0
DA:107,1
LF:61
LH:11
BRDA:2,0,0,1
BRDA:2,0,1,1
BRDA:2,0,2,1
BRDA:3,1,0,0
BRDA:3,1,1,0
BRDA:6,2,0,0
BRDA:6,2,1,0
BRDA:7,3,0,0
BRDA:7,3,1,0
BRDA:10,4,0,1
BRDA:10,4,1,1
BRDA:10,4,2,1
BRDA:11,5,0,2
BRDA:11,5,1,0
BRDA:11,6,0,2
BRDA:11,6,1,2
BRDA:23,7,0,0
BRDA:23,7,1,0
BRDA:31,8,0,0
BRDA:31,8,1,0
BRDA:63,9,0,0
BRDA:63,9,1,0
BRDA:70,10,0,0
BRDA:70,10,1,0
BRDA:100,11,0,0
BRDA:100,11,1,0
BRF:26
BRH:9
end_of_record
TN:
SF:/Users/techkny/Projects/express/premier-league-fixures/compiled/routes/fixtures/router.js
FNF:0
FNH:0
DA:2,1
DA:3,1
DA:4,1
DA:5,1
DA:6,1
DA:7,1
DA:8,1
DA:9,1
DA:10,1
LF:9
LH:9
BRF:0
BRH:0
end_of_record
TN:
SF:/Users/techkny/Projects/express/premier-league-fixures/compiled/routes/teams/controller.js
FN:2,(anonymous_0)
FN:3,(anonymous_1)
FN:4,fulfilled
FN:5,rejected
FN:6,step
FN:6,(anonymous_5)
FN:10,(anonymous_6)
FN:16,createTeam
FN:17,(anonymous_8)
FN:24,(anonymous_9)
FN:33,viewTeam
FN:34,(anonymous_11)
FN:35,(anonymous_12)
FN:43,editTeam
FN:44,(anonymous_14)
FN:72,deleteTeam
FN:73,(anonymous_16)
FN:74,(anonymous_17)
FNF:18
FNH:1
FNDA:0,(anonymous_0)
FNDA:0,(anonymous_1)
FNDA:0,fulfilled
FNDA:0,rejected
FNDA:0,step
FNDA:0,(anonymous_5)
FNDA:1,(anonymous_6)
FNDA:0,createTeam
FNDA:0,(anonymous_8)
FNDA:0,(anonymous_9)
FNDA:0,viewTeam
FNDA:0,(anonymous_11)
FNDA:0,(anonymous_12)
FNDA:0,editTeam
FNDA:0,(anonymous_14)
FNDA:0,deleteTeam
FNDA:0,(anonymous_16)
FNDA:0,(anonymous_17)
DA:2,1
DA:3,0
DA:4,0
DA:5,0
DA:6,0
DA:7,0
DA:10,1
DA:11,1
DA:13,1
DA:14,1
DA:15,1
DA:17,0
DA:19,0
DA:20,0
DA:21,0
DA:22,0
DA:24,0
DA:25,0
DA:26,0
DA:28,0
DA:29,0
DA:32,1
DA:34,0
DA:35,0
DA:36,0
DA:38,0
DA:39,0
DA:42,1
DA:44,0
DA:46,0
DA:47,0
DA:48,0
DA:49,0
DA:52,0
DA:54,0
DA:55,0
DA:56,0
DA:59,0
DA:60,0
DA:61,0
DA:62,0
DA:63,0
DA:64,0
DA:65,0
DA:67,0
DA:68,0
DA:71,1
DA:73,0
DA:74,0
DA:75,0
DA:76,0
DA:78,0
DA:79,0
DA:80,0
DA:82,0
DA:85,1
LF:56
LH:10
BRDA:2,0,0,1
BRDA:2,0,1,1
BRDA:2,0,2,1
BRDA:3,1,0,0
BRDA:3,1,1,0
BRDA:6,2,0,0
BRDA:6,2,1,0
BRDA:7,3,0,0
BRDA:7,3,1,0
BRDA:10,4,0,1
BRDA:10,4,1,1
BRDA:10,4,2,1
BRDA:11,5,0,1
BRDA:11,5,1,0
BRDA:11,6,0,1
BRDA:11,6,1,1
BRDA:20,7,0,0
BRDA:20,7,1,0
BRDA:47,8,0,0
BRDA:47,8,1,0
BRDA:54,9,0,0
BRDA:54,9,1,0
BRDA:59,10,0,0
BRDA:59,10,1,0
BRDA:60,11,0,0
BRDA:60,11,1,0
BRDA:61,12,0,0
BRDA:61,12,1,0
BRDA:62,13,0,0
BRDA:62,13,1,0
BRDA:63,14,0,0
BRDA:63,14,1,0
BRDA:64,15,0,0
BRDA:64,15,1,0
BRDA:65,16,0,0
BRDA:65,16,1,0
BRDA:78,17,0,0
BRDA:78,17,1,0
BRF:38
BRH:9
end_of_record
TN:
SF:/Users/techkny/Projects/express/premier-league-fixures/compiled/routes/teams/router.js
FNF:0
FNH:0
DA:2,1
DA:3,1
DA:4,1
DA:5,1
DA:6,1
DA:7,1
DA:8,1
DA:9,1
DA:10,1
DA:11,1
LF:10
LH:10
BRF:0
BRH:0
end_of_record
TN:
SF:/Users/techkny/Projects/express/premier-league-fixures/compiled/routes/users/controller.js
FN:2,(anonymous_0)
FN:3,(anonymous_1)
FN:4,fulfilled
FN:5,rejected
FN:6,step
FN:6,(anonymous_5)
FN:10,(anonymous_6)
FN:18,createUser
FN:19,(anonymous_8)
FN:33,(anonymous_9)
FN:42,logUserIn
FN:43,(anonymous_11)
FNF:12
FNH:1
FNDA:0,(anonymous_0)
FNDA:0,(anonymous_1)
FNDA:0,fulfilled
FNDA:0,rejected
FNDA:0,step
FNDA:0,(anonymous_5)
FNDA:3,(anonymous_6)
FNDA:0,createUser
FNDA:0,(anonymous_8)
FNDA:0,(anonymous_9)
FNDA:0,logUserIn
FNDA:0,(anonymous_11)
DA:2,1
DA:3,0
DA:4,0
DA:5,0
DA:6,0
DA:7,0
DA:10,1
DA:11,3
DA:13,1
DA:14,1
DA:15,1
DA:16,1
DA:17,1
DA:19,0
DA:23,0
DA:24,0
DA:25,0
DA:26,0
DA:29,0
DA:30,0
DA:31,0
DA:33,0
DA:34,0
DA:35,0
DA:38,0
DA:41,1
DA:43,0
DA:47,0
DA:48,0
DA:49,0
DA:50,0
DA:53,0
DA:54,0
DA:55,0
DA:56,0
DA:59,0
DA:60,0
DA:61,0
DA:62,0
DA:65,0
DA:66,0
DA:67,0
DA:68,0
DA:71,1
LF:44
LH:10
BRDA:2,0,0,1
BRDA:2,0,1,1
BRDA:2,0,2,1
BRDA:3,1,0,0
BRDA:3,1,1,0
BRDA:6,2,0,0
BRDA:6,2,1,0
BRDA:7,3,0,0
BRDA:7,3,1,0
BRDA:10,4,0,1
BRDA:10,4,1,1
BRDA:10,4,2,1
BRDA:11,5,0,1
BRDA:11,5,1,2
BRDA:11,6,0,3
BRDA:11,6,1,3
BRDA:24,7,0,0
BRDA:24,7,1,0
BRDA:48,8,0,0
BRDA:48,8,1,0
BRDA:54,9,0,0
BRDA:54,9,1,0
BRDA:60,10,0,0
BRDA:60,10,1,0
BRF:24
BRH:10
end_of_record
TN:
SF:/Users/techkny/Projects/express/premier-league-fixures/compiled/routes/users/router.js
FNF:0
FNH:0
DA:2,1
DA:3,1
DA:4,1
DA:5,1
DA:6,1
DA:7,1
DA:8,1
LF:7
LH:7
BRF:0
BRH:0
end_of_record
TN:
SF:/Users/techkny/Projects/express/premier-league-fixures/helpers/joi-validator.ts
FN:3,validateTeam
FN:16,validateFixture
FN:30,validateUser
FN:42,validateLogin
FNF:4
FNH:4
FNDA:5,validateTeam
FNDA:8,validateFixture
FNDA:4,validateUser
FNDA:5,validateLogin
DA:1,4
DA:5,5
DA:14,5
DA:17,8
DA:27,8
DA:31,4
DA:39,4
DA:43,5
DA:48,5
DA:50,4
LF:10
LH:10
BRF:0
BRH:0
end_of_record
TN:
SF:/Users/techkny/Projects/express/premier-league-fixures/helpers/team-in-database-validator.ts
FN:4,teamInDatabaseValidator
FN:5,(anonymous_10)
FN:7,(anonymous_11)
FN:8,(anonymous_12)
FN:11,(anonymous_13)
FNF:5
FNH:4
FNDA:2,teamInDatabaseValidator
FNDA:4,(anonymous_10)
FNDA:4,(anonymous_11)
FNDA:0,(anonymous_12)
FNDA:4,(anonymous_13)
DA:1,4
DA:5,2
DA:6,4
DA:7,4
DA:8,0
DA:10,2
DA:11,4
DA:14,4
LF:8
LH:7
BRDA:7,0,0,0
BRDA:7,0,1,4
BRF:2
BRH:1
end_of_record
TN:
SF:/Users/techkny/Projects/express/premier-league-fixures/middlewares/routesTokenValidator.ts
FN:4,validateAdminRoutes
FN:24,validateUserRoutes
FNF:2
FNH:1
FNDA:10,validateAdminRoutes
FNDA:0,validateUserRoutes
DA:2,4
DA:5,10
DA:6,10
DA:7,10
DA:8,3
DA:10,10
DA:11,10
DA:12,10
DA:13,10
DA:14,7
DA:15,7
DA:16,7
DA:18,0
DA:20,3
DA:25,0
DA:26,0
DA:27,0
DA:28,0
DA:30,0
DA:31,0
DA:32,0
DA:33,0
DA:34,0
DA:35,0
DA:36,0
DA:38,0
DA:40,0
DA:44,4
LF:28
LH:14
BRDA:7,0,0,3
BRDA:7,0,1,7
BRDA:14,1,0,7
BRDA:14,1,1,0
BRDA:27,2,0,0
BRDA:27,2,1,0
BRDA:34,3,0,0
BRDA:34,3,1,0
BRDA:34,4,0,0
BRDA:34,4,1,0
BRF:10
BRH:3
end_of_record
TN:
SF:/Users/techkny/Projects/express/premier-league-fixures/models/fixture.ts
FNF:0
FNH:0
DA:1,4
DA:14,4
DA:54,4
LF:3
LH:3
BRF:0
BRH:0
end_of_record
TN:
SF:/Users/techkny/Projects/express/premier-league-fixures/models/team.ts
FNF:0
FNH:0
DA:1,5
DA:12,5
DA:42,5
LF:3
LH:3
BRF:0
BRH:0
end_of_record
TN:
SF:/Users/techkny/Projects/express/premier-league-fixures/models/user.ts
FNF:0
FNH:0
DA:1,5
DA:13,5
DA:46,5
LF:3
LH:3
BRF:0
BRH:0
end_of_record
TN:
SF:/Users/techkny/Projects/express/premier-league-fixures/routes/apiRouter.ts
FN:8,(anonymous_1)
FNF:1
FNH:1
FNDA:1,(anonymous_1)
DA:1,4
DA:2,4
DA:3,4
DA:4,4
DA:5,4
DA:8,4
DA:9,1
DA:12,4
DA:13,4
DA:14,4
DA:15,4
LF:11
LH:11
BRF:0
BRH:0
end_of_record
TN:
SF:/Users/techkny/Projects/express/premier-league-fixures/routes/users.ts
FN:5,(anonymous_1)
FNF:1
FNH:0
FNDA:0,(anonymous_1)
DA:1,4
DA:2,4
DA:5,4
DA:6,0
DA:9,4
LF:5
LH:4
BRF:0
BRH:0
end_of_record
TN:
SF:/Users/techkny/Projects/express/premier-league-fixures/routes/fixtures/controller.ts
FN:6,createFixture
FN:24,(anonymous_10)
FN:33,viewFixtures
FN:34,(anonymous_13)
FN:45,editFixture
FN:71,(anonymous_16)
FN:80,deleteFixture
FN:81,(anonymous_19)
FNF:8
FNH:6
FNDA:5,createFixture
FNDA:1,(anonymous_10)
FNDA:2,viewFixtures
FNDA:0,(anonymous_13)
FNDA:3,editFixture
FNDA:1,(anonymous_16)
FNDA:2,deleteFixture
FNDA:0,(anonymous_19)
DA:2,4
DA:3,4
DA:4,4
DA:10,5
DA:11,5
DA:12,3
DA:13,3
DA:18,2
DA:19,2
DA:20,0
DA:21,0
DA:24,2
DA:25,1
DA:30,2
DA:34,2
DA:35,0
DA:40,2
DA:42,2
DA:47,3
DA:48,3
DA:49,1
DA:50,1
DA:54,2
DA:56,2
DA:57,0
DA:58,0
DA:61,2
DA:62,2
DA:63,2
DA:64,2
DA:65,2
DA:66,2
DA:67,2
DA:68,2
DA:71,2
DA:72,1
DA:77,2
DA:81,2
DA:82,0
DA:83,0
DA:85,2
DA:86,0
DA:87,0
DA:89,2
DA:91,4
LF:45
LH:36
BRDA:11,0,0,3
BRDA:11,0,1,2
BRDA:19,1,0,0
BRDA:19,1,1,2
BRDA:48,2,0,1
BRDA:48,2,1,2
BRDA:56,3,0,0
BRDA:56,3,1,2
BRDA:85,4,0,0
BRDA:85,4,1,2
BRF:10
BRH:7
end_of_record
TN:
SF:/Users/techkny/Projects/express/premier-league-fixures/routes/fixtures/router.ts
FNF:0
FNH:0
DA:1,4
DA:2,4
DA:3,4
DA:5,4
DA:6,4
DA:7,4
DA:8,4
DA:10,4
LF:8
LH:8
BRF:0
BRH:0
end_of_record
TN:
SF:/Users/techkny/Projects/express/premier-league-fixures/routes/teams/controller.ts
FN:5,createTeam
FN:12,(anonymous_10)
FN:19,viewTeam
FN:20,(anonymous_13)
FN:27,editTeam
FN:55,deleteTeam
FN:56,(anonymous_18)
FNF:7
FNH:4
FNDA:3,createTeam
FNDA:0,(anonymous_10)
FNDA:2,viewTeam
FNDA:0,(anonymous_13)
FNDA:2,editTeam
FNDA:2,deleteTeam
FNDA:0,(anonymous_18)
DA:2,4
DA:3,4
DA:7,3
DA:8,3
DA:9,2
DA:10,2
DA:12,1
DA:13,0
DA:14,0
DA:16,1
DA:17,1
DA:20,2
DA:21,0
DA:23,2
DA:25,2
DA:29,2
DA:30,2
DA:31,1
DA:32,1
DA:36,1
DA:38,1
DA:39,0
DA:40,0
DA:43,1
DA:44,1
DA:45,1
DA:46,1
DA:47,1
DA:48,1
DA:49,1
DA:52,1
DA:53,1
DA:56,2
DA:57,0
DA:58,0
DA:60,2
DA:61,0
DA:62,0
DA:64,2
DA:66,4
LF:40
LH:31
BRDA:8,0,0,2
BRDA:8,0,1,1
BRDA:30,1,0,1
BRDA:30,1,1,1
BRDA:38,2,0,0
BRDA:38,2,1,1
BRDA:43,3,0,1
BRDA:43,3,1,0
BRDA:44,4,0,1
BRDA:44,4,1,0
BRDA:45,5,0,1
BRDA:45,5,1,0
BRDA:46,6,0,1
BRDA:46,6,1,0
BRDA:47,7,0,1
BRDA:47,7,1,1
BRDA:48,8,0,1
BRDA:48,8,1,1
BRDA:49,9,0,1
BRDA:49,9,1,1
BRDA:60,10,0,0
BRDA:60,10,1,2
BRF:22
BRH:16
end_of_record
TN:
SF:/Users/techkny/Projects/express/premier-league-fixures/routes/teams/router.ts
FNF:0
FNH:0
DA:1,4
DA:2,4
DA:3,4
DA:4,4
DA:6,4
DA:7,4
DA:8,4
DA:9,4
DA:11,4
LF:9
LH:9
BRF:0
BRH:0
end_of_record
TN:
SF:/Users/techkny/Projects/express/premier-league-fixures/routes/users/controller.ts
FN:6,createUser
FN:21,(anonymous_10)
FN:29,logUserIn
FNF:3
FNH:3
FNDA:4,createUser
FNDA:1,(anonymous_10)
FNDA:5,logUserIn
DA:2,4
DA:3,4
DA:4,4
DA:5,4
DA:10,4
DA:11,4
DA:12,2
DA:13,2
DA:17,2
DA:18,2
DA:19,2
DA:21,2
DA:22,1
DA:23,1
DA:26,2
DA:33,5
DA:34,5
DA:35,2
DA:36,2
DA:39,3
DA:40,3
DA:41,1
DA:42,1
DA:46,2
DA:47,2
DA:48,1
DA:49,1
DA:53,1
DA:54,1
DA:55,1
DA:56,1
DA:58,4
LF:32
LH:32
BRDA:11,0,0,2
BRDA:11,0,1,2
BRDA:34,1,0,2
BRDA:34,1,1,3
BRDA:40,2,0,1
BRDA:40,2,1,2
BRDA:47,3,0,1
BRDA:47,3,1,1
BRF:8
BRH:8
end_of_record
TN:
SF:/Users/techkny/Projects/express/premier-league-fixures/routes/users/router.ts
FNF:0
FNH:0
DA:1,4
DA:2,4
DA:4,4
DA:6,4
DA:7,4
DA:9,4
LF:6
LH:6
BRF:0
BRH:0
end_of_record
